<?xml version="1.0" encoding="UTF-8"?>
<testsuites name="1 Positive case - Test Collection Testing" time="382.744" tests="22" failures="0" errors="0">
   <testsuite name="1 login and register" tests="4" failures="0" errors="0" time="149.714" skipped="0" timestamp="11-02-2024T14:47:53" hostname="ACER - LAPTOP-DI70DTOM" id="Test Suites/1 Test Suites/1 login and register">
      <properties>
         <property name="deviceName" value=""/>
         <property name="devicePlatform" value=""/>
         <property name="logFolder" value="C:\\Users\\ACER\\git\\Final-Project-QA-WEB\\Reports\\20240211_144740\\1 Test Suites\\1 login and register\\20240211_144741"/>
         <property name="logFiles" value="C:\\Users\\ACER\\git\\Final-Project-QA-WEB\\Reports\\20240211_144740\\1 Test Suites\\1 login and register\\20240211_144741\\execution0.log"/>
         <property name="attachments" value=""/>
         <property name="hostName" value="ACER - LAPTOP-DI70DTOM"/>
         <property name="os" value="Windows 11 64bit"/>
         <property name="katalonVersion" value="9.3.0.212"/>
         <property name="browser" value="Chrome 121.0.0.0"/>
         <property name="hostAddress" value="192.168.0.151"/>
         <property name="sessionId" value="e6271fbf0789c2cb75c9f5775666a3bb"/>
         <property name="seleniumVersion" value="3.141.59"/>
         <property name="proxyInformation" value="ProxyInformation { proxyOption=NO_PROXY, proxyServerType=HTTP, username=, password=********, proxyServerAddress=, proxyServerPort=0, executionList=&quot;&quot;, isApplyToDesiredCapabilities=true }"/>
         <property name="platform" value="Windows 11"/>
      </properties>
      <testcase name="Test Cases/1 Positive test case/1 Create Account (data driven)" time="46.976" classname="Test Cases/1 Positive test case/1 Create Account (data driven)" status="PASSED">
         <system-out><![CDATA[11-02-2024T14:47:53 - [TEST_CASE][PASSED] - Test Cases/1 Positive test case/1 Create Account (data driven): Test Cases/1 Positive test case/1 Create Account (data driven)

11-02-2024T14:47:55 - [TEST_STEP][PASSED] - openBrowser(""): Browser is opened with url: ''

11-02-2024T14:47:56 - [MESSAGE][INFO] - Starting 'Chrome' driver

11-02-2024T14:47:56 - [MESSAGE][INFO] - Action delay is set to 0 milliseconds

11-02-2024T14:47:59 - [MESSAGE][PASSED] - Browser is opened with url: ''

11-02-2024T14:47:59 - [TEST_STEP][PASSED] - navigateToUrl("https://advantageonlineshopping.com/"): Navigate to 'https://advantageonlineshopping.com/' successfully

11-02-2024T14:48:00 - [MESSAGE][PASSED] - Navigate to 'https://advantageonlineshopping.com/' successfully

11-02-2024T14:48:00 - [TEST_STEP][PASSED] - click(findTestObject("Object Repository/Fitur Register/svg_CHECKOUT  (0.00)_menuUser")): Object: 'Object Repository/Fitur Register/svg_CHECKOUT  (0.00)_menuUser' is clicked on

11-02-2024T14:48:07 - [MESSAGE][PASSED] - Object: 'Object Repository/Fitur Register/svg_CHECKOUT  (0.00)_menuUser' is clicked on

11-02-2024T14:48:07 - [TEST_STEP][PASSED] - delay(3): Delayed 3 second(s)

11-02-2024T14:48:10 - [MESSAGE][PASSED] - Delayed 3 second(s)

11-02-2024T14:48:10 - [TEST_STEP][PASSED] - click(findTestObject("Object Repository/Fitur Register/a_CREATE NEW ACCOUNT")): Object: 'Object Repository/Fitur Register/a_CREATE NEW ACCOUNT' is clicked on

11-02-2024T14:48:11 - [MESSAGE][PASSED] - Object: 'Object Repository/Fitur Register/a_CREATE NEW ACCOUNT' is clicked on

11-02-2024T14:48:11 - [TEST_STEP][PASSED] - delay(2): Delayed 2 second(s)

11-02-2024T14:48:13 - [MESSAGE][PASSED] - Delayed 2 second(s)

11-02-2024T14:48:13 - [TEST_STEP][PASSED] - setText(findTestObject("Object Repository/Fitur Register/input__usernameRegisterPage"), username): Text 'yudhatesting2' is set on object 'Object Repository/Fitur Register/input__usernameRegisterPage'

11-02-2024T14:48:14 - [MESSAGE][PASSED] - Text 'yudhatesting2' is set on object 'Object Repository/Fitur Register/input__usernameRegisterPage'

11-02-2024T14:48:14 - [TEST_STEP][PASSED] - click(findTestObject("Object Repository/Fitur Register/label_Email")): Object: 'Object Repository/Fitur Register/label_Email' is clicked on

11-02-2024T14:48:14 - [MESSAGE][PASSED] - Object: 'Object Repository/Fitur Register/label_Email' is clicked on

11-02-2024T14:48:14 - [TEST_STEP][PASSED] - setText(findTestObject("Object Repository/Fitur Register/input__emailRegisterPage"), email): Text 'yudhatesting2@gmail.com' is set on object 'Object Repository/Fitur Register/input__emailRegisterPage'

11-02-2024T14:48:16 - [MESSAGE][PASSED] - Text 'yudhatesting2@gmail.com' is set on object 'Object Repository/Fitur Register/input__emailRegisterPage'

11-02-2024T14:48:16 - [TEST_STEP][PASSED] - setText(findTestObject("Object Repository/Fitur Register/input__passwordRegisterPage"), password): Text 'Dharmayudha2' is set on object 'Object Repository/Fitur Register/input__passwordRegisterPage'

11-02-2024T14:48:17 - [MESSAGE][PASSED] - Text 'Dharmayudha2' is set on object 'Object Repository/Fitur Register/input__passwordRegisterPage'

11-02-2024T14:48:17 - [TEST_STEP][PASSED] - click(findTestObject("Object Repository/Fitur Register/label_Confirm password")): Object: 'Object Repository/Fitur Register/label_Confirm password' is clicked on

11-02-2024T14:48:19 - [MESSAGE][PASSED] - Object: 'Object Repository/Fitur Register/label_Confirm password' is clicked on

11-02-2024T14:48:19 - [TEST_STEP][PASSED] - setText(findTestObject("Object Repository/Fitur Register/input__confirm_passwordRegisterPage"), confirmpassword): Text 'Dharmayudha2' is set on object 'Object Repository/Fitur Register/input__confirm_passwordRegisterPage'

11-02-2024T14:48:20 - [MESSAGE][PASSED] - Text 'Dharmayudha2' is set on object 'Object Repository/Fitur Register/input__confirm_passwordRegisterPage'

11-02-2024T14:48:20 - [TEST_STEP][PASSED] - setText(findTestObject("Object Repository/Fitur Register/input_PERSONAL DETAILS_first_nameRegisterPage"), firstname): Text 'Dharma' is set on object 'Object Repository/Fitur Register/input_PERSONAL DETAILS_first_nameRegisterPage'

11-02-2024T14:48:22 - [MESSAGE][PASSED] - Text 'Dharma' is set on object 'Object Repository/Fitur Register/input_PERSONAL DETAILS_first_nameRegisterPage'

11-02-2024T14:48:22 - [TEST_STEP][PASSED] - click(findTestObject("Object Repository/Fitur Register/label_Last Name")): Object: 'Object Repository/Fitur Register/label_Last Name' is clicked on

11-02-2024T14:48:23 - [MESSAGE][PASSED] - Object: 'Object Repository/Fitur Register/label_Last Name' is clicked on

11-02-2024T14:48:23 - [TEST_STEP][PASSED] - setText(findTestObject("Object Repository/Fitur Register/input_- Use maximum 30 character_last_nameR_6ef033"), lastname): Text 'Yudha' is set on object 'Object Repository/Fitur Register/input_- Use maximum 30 character_last_nameR_6ef033'

11-02-2024T14:48:24 - [MESSAGE][PASSED] - Text 'Yudha' is set on object 'Object Repository/Fitur Register/input_- Use maximum 30 character_last_nameR_6ef033'

11-02-2024T14:48:24 - [TEST_STEP][PASSED] - setText(findTestObject("Object Repository/Fitur Register/input_- Use maximum 30 character_phone_numb_7c938a"), phone): Text '81353081122' is set on object 'Object Repository/Fitur Register/input_- Use maximum 30 character_phone_numb_7c938a'

11-02-2024T14:48:26 - [MESSAGE][PASSED] - Text '81353081122' is set on object 'Object Repository/Fitur Register/input_- Use maximum 30 character_phone_numb_7c938a'

11-02-2024T14:48:26 - [TEST_STEP][PASSED] - selectOptionByValue(findTestObject("Object Repository/Fitur Register/select_AfganistanAlbaniaAlgeriaAmerican Sam_3cef8a"), "object:153", true): All options with value 'object:153' are selected in object 'Object Repository/Fitur Register/select_AfganistanAlbaniaAlgeriaAmerican Sam_3cef8a'  using regular expression

11-02-2024T14:48:31 - [MESSAGE][PASSED] - All options with value 'object:153' are selected in object 'Object Repository/Fitur Register/select_AfganistanAlbaniaAlgeriaAmerican Sam_3cef8a'  using regular expression

11-02-2024T14:48:31 - [TEST_STEP][PASSED] - setText(findTestObject("Object Repository/Fitur Register/input_Country_cityRegisterPage"), city): Text 'Jakarta' is set on object 'Object Repository/Fitur Register/input_Country_cityRegisterPage'

11-02-2024T14:48:32 - [MESSAGE][PASSED] - Text 'Jakarta' is set on object 'Object Repository/Fitur Register/input_Country_cityRegisterPage'

11-02-2024T14:48:32 - [TEST_STEP][PASSED] - setText(findTestObject("Object Repository/Fitur Register/input_- Use maximum 25 character_addressReg_9e23b3"), address): Text 'Jalan Medan Merdeka 02 Jakarta' is set on object 'Object Repository/Fitur Register/input_- Use maximum 25 character_addressReg_9e23b3'

11-02-2024T14:48:34 - [MESSAGE][PASSED] - Text 'Jalan Medan Merdeka 02 Jakarta' is set on object 'Object Repository/Fitur Register/input_- Use maximum 25 character_addressReg_9e23b3'

11-02-2024T14:48:34 - [TEST_STEP][PASSED] - click(findTestObject("Object Repository/Fitur Register/label_State  Province  Region")): Object: 'Object Repository/Fitur Register/label_State  Province  Region' is clicked on

11-02-2024T14:48:34 - [MESSAGE][PASSED] - Object: 'Object Repository/Fitur Register/label_State  Province  Region' is clicked on

11-02-2024T14:48:34 - [TEST_STEP][PASSED] - setText(findTestObject("Object Repository/Fitur Register/input_- Use maximum 50 character_state__pro_272a54"), state): Text 'Jakarta' is set on object 'Object Repository/Fitur Register/input_- Use maximum 50 character_state__pro_272a54'

11-02-2024T14:48:35 - [MESSAGE][PASSED] - Text 'Jakarta' is set on object 'Object Repository/Fitur Register/input_- Use maximum 50 character_state__pro_272a54'

11-02-2024T14:48:35 - [TEST_STEP][PASSED] - setText(findTestObject("Object Repository/Fitur Register/input_- Use maximum 10 character_postal_cod_639c2f"), postalcode): Text '80582' is set on object 'Object Repository/Fitur Register/input_- Use maximum 10 character_postal_cod_639c2f'

11-02-2024T14:48:37 - [MESSAGE][PASSED] - Text '80582' is set on object 'Object Repository/Fitur Register/input_- Use maximum 10 character_postal_cod_639c2f'

11-02-2024T14:48:37 - [TEST_STEP][PASSED] - click(findTestObject("Object Repository/Fitur Register/input_Receive exclusive offers and promotio_5c7450")): Object: 'Object Repository/Fitur Register/input_Receive exclusive offers and promotio_5c7450' is clicked on

11-02-2024T14:48:37 - [MESSAGE][PASSED] - Object: 'Object Repository/Fitur Register/input_Receive exclusive offers and promotio_5c7450' is clicked on

11-02-2024T14:48:37 - [TEST_STEP][PASSED] - click(findTestObject("Object Repository/Fitur Register/button_REGISTER")): Object: 'Object Repository/Fitur Register/button_REGISTER' is clicked on

11-02-2024T14:48:38 - [MESSAGE][PASSED] - Object: 'Object Repository/Fitur Register/button_REGISTER' is clicked on

11-02-2024T14:48:38 - [TEST_STEP][PASSED] - closeBrowser(): Browser is closed

11-02-2024T14:48:38 - [MESSAGE][PASSED] - Browser is closed

11-02-2024T14:48:40 - [TEST_STEP][PASSED] - Video: Video recording for test case 'Test Cases/1 Positive test case/1 Create Account (data driven)' .

11-02-2024T14:48:40 - [MESSAGE][INFO] - Video recording for test case 'Test Cases/1 Positive test case/1 Create Account (data driven)' .]]></system-out>
         <system-err><![CDATA[]]></system-err>
      </testcase>
      <testcase name="Test Cases/1 Positive test case/1 Create Account (data driven)" time="41.139" classname="Test Cases/1 Positive test case/1 Create Account (data driven)" status="PASSED">
         <system-out><![CDATA[11-02-2024T14:48:41 - [TEST_CASE][PASSED] - Test Cases/1 Positive test case/1 Create Account (data driven): Test Cases/1 Positive test case/1 Create Account (data driven)

11-02-2024T14:48:41 - [TEST_STEP][PASSED] - openBrowser(""): Browser is opened with url: ''

11-02-2024T14:48:41 - [MESSAGE][INFO] - Starting 'Chrome' driver

11-02-2024T14:48:41 - [MESSAGE][INFO] - Action delay is set to 0 milliseconds

11-02-2024T14:48:43 - [MESSAGE][PASSED] - Browser is opened with url: ''

11-02-2024T14:48:43 - [TEST_STEP][PASSED] - navigateToUrl("https://advantageonlineshopping.com/"): Navigate to 'https://advantageonlineshopping.com/' successfully

11-02-2024T14:48:46 - [MESSAGE][PASSED] - Navigate to 'https://advantageonlineshopping.com/' successfully

11-02-2024T14:48:46 - [TEST_STEP][PASSED] - click(findTestObject("Object Repository/Fitur Register/svg_CHECKOUT  (0.00)_menuUser")): Object: 'Object Repository/Fitur Register/svg_CHECKOUT  (0.00)_menuUser' is clicked on

11-02-2024T14:48:50 - [MESSAGE][PASSED] - Object: 'Object Repository/Fitur Register/svg_CHECKOUT  (0.00)_menuUser' is clicked on

11-02-2024T14:48:50 - [TEST_STEP][PASSED] - delay(3): Delayed 3 second(s)

11-02-2024T14:48:53 - [MESSAGE][PASSED] - Delayed 3 second(s)

11-02-2024T14:48:53 - [TEST_STEP][PASSED] - click(findTestObject("Object Repository/Fitur Register/a_CREATE NEW ACCOUNT")): Object: 'Object Repository/Fitur Register/a_CREATE NEW ACCOUNT' is clicked on

11-02-2024T14:48:53 - [MESSAGE][PASSED] - Object: 'Object Repository/Fitur Register/a_CREATE NEW ACCOUNT' is clicked on

11-02-2024T14:48:53 - [TEST_STEP][PASSED] - delay(2): Delayed 2 second(s)

11-02-2024T14:48:55 - [MESSAGE][PASSED] - Delayed 2 second(s)

11-02-2024T14:48:55 - [TEST_STEP][PASSED] - setText(findTestObject("Object Repository/Fitur Register/input__usernameRegisterPage"), username): Text 'yudhatesting3' is set on object 'Object Repository/Fitur Register/input__usernameRegisterPage'

11-02-2024T14:48:56 - [MESSAGE][PASSED] - Text 'yudhatesting3' is set on object 'Object Repository/Fitur Register/input__usernameRegisterPage'

11-02-2024T14:48:56 - [TEST_STEP][PASSED] - click(findTestObject("Object Repository/Fitur Register/label_Email")): Object: 'Object Repository/Fitur Register/label_Email' is clicked on

11-02-2024T14:48:57 - [MESSAGE][PASSED] - Object: 'Object Repository/Fitur Register/label_Email' is clicked on

11-02-2024T14:48:57 - [TEST_STEP][PASSED] - setText(findTestObject("Object Repository/Fitur Register/input__emailRegisterPage"), email): Text 'yudhatesting3@gmail.com' is set on object 'Object Repository/Fitur Register/input__emailRegisterPage'

11-02-2024T14:48:58 - [MESSAGE][PASSED] - Text 'yudhatesting3@gmail.com' is set on object 'Object Repository/Fitur Register/input__emailRegisterPage'

11-02-2024T14:48:58 - [TEST_STEP][PASSED] - setText(findTestObject("Object Repository/Fitur Register/input__passwordRegisterPage"), password): Text 'Dharmayudha3' is set on object 'Object Repository/Fitur Register/input__passwordRegisterPage'

11-02-2024T14:49:00 - [MESSAGE][PASSED] - Text 'Dharmayudha3' is set on object 'Object Repository/Fitur Register/input__passwordRegisterPage'

11-02-2024T14:49:00 - [TEST_STEP][PASSED] - click(findTestObject("Object Repository/Fitur Register/label_Confirm password")): Object: 'Object Repository/Fitur Register/label_Confirm password' is clicked on

11-02-2024T14:49:01 - [MESSAGE][PASSED] - Object: 'Object Repository/Fitur Register/label_Confirm password' is clicked on

11-02-2024T14:49:01 - [TEST_STEP][PASSED] - setText(findTestObject("Object Repository/Fitur Register/input__confirm_passwordRegisterPage"), confirmpassword): Text 'Dharmayudha3' is set on object 'Object Repository/Fitur Register/input__confirm_passwordRegisterPage'

11-02-2024T14:49:03 - [MESSAGE][PASSED] - Text 'Dharmayudha3' is set on object 'Object Repository/Fitur Register/input__confirm_passwordRegisterPage'

11-02-2024T14:49:03 - [TEST_STEP][PASSED] - setText(findTestObject("Object Repository/Fitur Register/input_PERSONAL DETAILS_first_nameRegisterPage"), firstname): Text 'Dharma' is set on object 'Object Repository/Fitur Register/input_PERSONAL DETAILS_first_nameRegisterPage'

11-02-2024T14:49:04 - [MESSAGE][PASSED] - Text 'Dharma' is set on object 'Object Repository/Fitur Register/input_PERSONAL DETAILS_first_nameRegisterPage'

11-02-2024T14:49:04 - [TEST_STEP][PASSED] - click(findTestObject("Object Repository/Fitur Register/label_Last Name")): Object: 'Object Repository/Fitur Register/label_Last Name' is clicked on

11-02-2024T14:49:05 - [MESSAGE][PASSED] - Object: 'Object Repository/Fitur Register/label_Last Name' is clicked on

11-02-2024T14:49:05 - [TEST_STEP][PASSED] - setText(findTestObject("Object Repository/Fitur Register/input_- Use maximum 30 character_last_nameR_6ef033"), lastname): Text 'Yudha' is set on object 'Object Repository/Fitur Register/input_- Use maximum 30 character_last_nameR_6ef033'

11-02-2024T14:49:06 - [MESSAGE][PASSED] - Text 'Yudha' is set on object 'Object Repository/Fitur Register/input_- Use maximum 30 character_last_nameR_6ef033'

11-02-2024T14:49:06 - [TEST_STEP][PASSED] - setText(findTestObject("Object Repository/Fitur Register/input_- Use maximum 30 character_phone_numb_7c938a"), phone): Text '81353081122' is set on object 'Object Repository/Fitur Register/input_- Use maximum 30 character_phone_numb_7c938a'

11-02-2024T14:49:07 - [MESSAGE][PASSED] - Text '81353081122' is set on object 'Object Repository/Fitur Register/input_- Use maximum 30 character_phone_numb_7c938a'

11-02-2024T14:49:07 - [TEST_STEP][PASSED] - selectOptionByValue(findTestObject("Object Repository/Fitur Register/select_AfganistanAlbaniaAlgeriaAmerican Sam_3cef8a"), "object:153", true): All options with value 'object:153' are selected in object 'Object Repository/Fitur Register/select_AfganistanAlbaniaAlgeriaAmerican Sam_3cef8a'  using regular expression

11-02-2024T14:49:12 - [MESSAGE][PASSED] - All options with value 'object:153' are selected in object 'Object Repository/Fitur Register/select_AfganistanAlbaniaAlgeriaAmerican Sam_3cef8a'  using regular expression

11-02-2024T14:49:12 - [TEST_STEP][PASSED] - setText(findTestObject("Object Repository/Fitur Register/input_Country_cityRegisterPage"), city): Text 'Jakarta' is set on object 'Object Repository/Fitur Register/input_Country_cityRegisterPage'

11-02-2024T14:49:13 - [MESSAGE][PASSED] - Text 'Jakarta' is set on object 'Object Repository/Fitur Register/input_Country_cityRegisterPage'

11-02-2024T14:49:13 - [TEST_STEP][PASSED] - setText(findTestObject("Object Repository/Fitur Register/input_- Use maximum 25 character_addressReg_9e23b3"), address): Text 'Jalan Medan Merdeka 03 Jakarta' is set on object 'Object Repository/Fitur Register/input_- Use maximum 25 character_addressReg_9e23b3'

11-02-2024T14:49:15 - [MESSAGE][PASSED] - Text 'Jalan Medan Merdeka 03 Jakarta' is set on object 'Object Repository/Fitur Register/input_- Use maximum 25 character_addressReg_9e23b3'

11-02-2024T14:49:15 - [TEST_STEP][PASSED] - click(findTestObject("Object Repository/Fitur Register/label_State  Province  Region")): Object: 'Object Repository/Fitur Register/label_State  Province  Region' is clicked on

11-02-2024T14:49:15 - [MESSAGE][PASSED] - Object: 'Object Repository/Fitur Register/label_State  Province  Region' is clicked on

11-02-2024T14:49:15 - [TEST_STEP][PASSED] - setText(findTestObject("Object Repository/Fitur Register/input_- Use maximum 50 character_state__pro_272a54"), state): Text 'Jakarta' is set on object 'Object Repository/Fitur Register/input_- Use maximum 50 character_state__pro_272a54'

11-02-2024T14:49:17 - [MESSAGE][PASSED] - Text 'Jakarta' is set on object 'Object Repository/Fitur Register/input_- Use maximum 50 character_state__pro_272a54'

11-02-2024T14:49:17 - [TEST_STEP][PASSED] - setText(findTestObject("Object Repository/Fitur Register/input_- Use maximum 10 character_postal_cod_639c2f"), postalcode): Text '80582' is set on object 'Object Repository/Fitur Register/input_- Use maximum 10 character_postal_cod_639c2f'

11-02-2024T14:49:18 - [MESSAGE][PASSED] - Text '80582' is set on object 'Object Repository/Fitur Register/input_- Use maximum 10 character_postal_cod_639c2f'

11-02-2024T14:49:18 - [TEST_STEP][PASSED] - click(findTestObject("Object Repository/Fitur Register/input_Receive exclusive offers and promotio_5c7450")): Object: 'Object Repository/Fitur Register/input_Receive exclusive offers and promotio_5c7450' is clicked on

11-02-2024T14:49:19 - [MESSAGE][PASSED] - Object: 'Object Repository/Fitur Register/input_Receive exclusive offers and promotio_5c7450' is clicked on

11-02-2024T14:49:19 - [TEST_STEP][PASSED] - click(findTestObject("Object Repository/Fitur Register/button_REGISTER")): Object: 'Object Repository/Fitur Register/button_REGISTER' is clicked on

11-02-2024T14:49:19 - [MESSAGE][PASSED] - Object: 'Object Repository/Fitur Register/button_REGISTER' is clicked on

11-02-2024T14:49:19 - [TEST_STEP][PASSED] - closeBrowser(): Browser is closed

11-02-2024T14:49:20 - [MESSAGE][PASSED] - Browser is closed

11-02-2024T14:49:22 - [TEST_STEP][PASSED] - Video: Video recording for test case 'Test Cases/1 Positive test case/1 Create Account (data driven)' .

11-02-2024T14:49:22 - [MESSAGE][INFO] - Video recording for test case 'Test Cases/1 Positive test case/1 Create Account (data driven)' .]]></system-out>
         <system-err><![CDATA[]]></system-err>
      </testcase>
      <testcase name="Test Cases/1 Positive test case/2 login user (data driven)" time="33.8" classname="Test Cases/1 Positive test case/2 login user (data driven)" status="PASSED">
         <system-out><![CDATA[11-02-2024T14:49:22 - [TEST_CASE][PASSED] - Test Cases/1 Positive test case/2 login user (data driven): Test Cases/1 Positive test case/2 login user (data driven)

11-02-2024T14:49:22 - [TEST_STEP][PASSED] - openBrowser(""): Browser is opened with url: ''

11-02-2024T14:49:22 - [MESSAGE][INFO] - Starting 'Chrome' driver

11-02-2024T14:49:22 - [MESSAGE][INFO] - Action delay is set to 0 milliseconds

11-02-2024T14:49:23 - [MESSAGE][PASSED] - Browser is opened with url: ''

11-02-2024T14:49:23 - [TEST_STEP][PASSED] - navigateToUrl("https://advantageonlineshopping.com/"): Navigate to 'https://advantageonlineshopping.com/' successfully

11-02-2024T14:49:26 - [MESSAGE][PASSED] - Navigate to 'https://advantageonlineshopping.com/' successfully

11-02-2024T14:49:26 - [TEST_STEP][PASSED] - click(findTestObject("Object Repository/Fitur Login User/svg_CHECKOUT  (0.00)_menuUser")): Object: 'Object Repository/Fitur Login User/svg_CHECKOUT  (0.00)_menuUser' is clicked on

11-02-2024T14:49:31 - [MESSAGE][PASSED] - Object: 'Object Repository/Fitur Login User/svg_CHECKOUT  (0.00)_menuUser' is clicked on

11-02-2024T14:49:31 - [TEST_STEP][PASSED] - setText(findTestObject("Object Repository/Fitur Login User/input_OR_username"), "yudhatesting"): Text 'yudhatesting' is set on object 'Object Repository/Fitur Login User/input_OR_username'

11-02-2024T14:49:32 - [MESSAGE][PASSED] - Text 'yudhatesting' is set on object 'Object Repository/Fitur Login User/input_OR_username'

11-02-2024T14:49:32 - [TEST_STEP][PASSED] - setText(findTestObject("Object Repository/Fitur Login User/input_Username_password"), "Dharmayudha1"): Text 'Dharmayudha1' is set on object 'Object Repository/Fitur Login User/input_Username_password'

11-02-2024T14:49:34 - [MESSAGE][PASSED] - Text 'Dharmayudha1' is set on object 'Object Repository/Fitur Login User/input_Username_password'

11-02-2024T14:49:34 - [TEST_STEP][PASSED] - click(findTestObject("Object Repository/Fitur Login User/button_SIGN IN")): Object: 'Object Repository/Fitur Login User/button_SIGN IN' is clicked on

11-02-2024T14:49:35 - [MESSAGE][PASSED] - Object: 'Object Repository/Fitur Login User/button_SIGN IN' is clicked on

11-02-2024T14:49:35 - [TEST_STEP][PASSED] - click(findTestObject("Object Repository/Fitur Login User/button_SEE OFFER")): Object: 'Object Repository/Fitur Login User/button_SEE OFFER' is clicked on

11-02-2024T14:49:48 - [MESSAGE][PASSED] - Object: 'Object Repository/Fitur Login User/button_SEE OFFER' is clicked on

11-02-2024T14:49:48 - [TEST_STEP][PASSED] - delay(5): Delayed 5 second(s)

11-02-2024T14:49:53 - [MESSAGE][PASSED] - Delayed 5 second(s)

11-02-2024T14:49:53 - [TEST_STEP][PASSED] - closeBrowser(): Browser is closed

11-02-2024T14:49:54 - [MESSAGE][PASSED] - Browser is closed

11-02-2024T14:49:56 - [TEST_STEP][PASSED] - Video: Video recording for test case 'Test Cases/1 Positive test case/2 login user (data driven)' .

11-02-2024T14:49:56 - [MESSAGE][INFO] - Video recording for test case 'Test Cases/1 Positive test case/2 login user (data driven)' .]]></system-out>
         <system-err><![CDATA[]]></system-err>
      </testcase>
      <testcase name="Test Cases/1 Positive test case/2 login user (data driven)" time="26.737" classname="Test Cases/1 Positive test case/2 login user (data driven)" status="PASSED">
         <system-out><![CDATA[11-02-2024T14:49:56 - [TEST_CASE][PASSED] - Test Cases/1 Positive test case/2 login user (data driven): Test Cases/1 Positive test case/2 login user (data driven)

11-02-2024T14:49:56 - [TEST_STEP][PASSED] - openBrowser(""): Browser is opened with url: ''

11-02-2024T14:49:56 - [MESSAGE][INFO] - Starting 'Chrome' driver

11-02-2024T14:49:56 - [MESSAGE][INFO] - Action delay is set to 0 milliseconds

11-02-2024T14:49:57 - [MESSAGE][PASSED] - Browser is opened with url: ''

11-02-2024T14:49:57 - [TEST_STEP][PASSED] - navigateToUrl("https://advantageonlineshopping.com/"): Navigate to 'https://advantageonlineshopping.com/' successfully

11-02-2024T14:50:00 - [MESSAGE][PASSED] - Navigate to 'https://advantageonlineshopping.com/' successfully

11-02-2024T14:50:00 - [TEST_STEP][PASSED] - click(findTestObject("Object Repository/Fitur Login User/svg_CHECKOUT  (0.00)_menuUser")): Object: 'Object Repository/Fitur Login User/svg_CHECKOUT  (0.00)_menuUser' is clicked on

11-02-2024T14:50:06 - [MESSAGE][PASSED] - Object: 'Object Repository/Fitur Login User/svg_CHECKOUT  (0.00)_menuUser' is clicked on

11-02-2024T14:50:06 - [TEST_STEP][PASSED] - setText(findTestObject("Object Repository/Fitur Login User/input_OR_username"), "yudhatesting"): Text 'yudhatesting' is set on object 'Object Repository/Fitur Login User/input_OR_username'

11-02-2024T14:50:07 - [MESSAGE][PASSED] - Text 'yudhatesting' is set on object 'Object Repository/Fitur Login User/input_OR_username'

11-02-2024T14:50:07 - [TEST_STEP][PASSED] - setText(findTestObject("Object Repository/Fitur Login User/input_Username_password"), "Dharmayudha1"): Text 'Dharmayudha1' is set on object 'Object Repository/Fitur Login User/input_Username_password'

11-02-2024T14:50:09 - [MESSAGE][PASSED] - Text 'Dharmayudha1' is set on object 'Object Repository/Fitur Login User/input_Username_password'

11-02-2024T14:50:09 - [TEST_STEP][PASSED] - click(findTestObject("Object Repository/Fitur Login User/button_SIGN IN")): Object: 'Object Repository/Fitur Login User/button_SIGN IN' is clicked on

11-02-2024T14:50:09 - [MESSAGE][PASSED] - Object: 'Object Repository/Fitur Login User/button_SIGN IN' is clicked on

11-02-2024T14:50:09 - [TEST_STEP][PASSED] - click(findTestObject("Object Repository/Fitur Login User/button_SEE OFFER")): Object: 'Object Repository/Fitur Login User/button_SEE OFFER' is clicked on

11-02-2024T14:50:15 - [MESSAGE][PASSED] - Object: 'Object Repository/Fitur Login User/button_SEE OFFER' is clicked on

11-02-2024T14:50:15 - [TEST_STEP][PASSED] - delay(5): Delayed 5 second(s)

11-02-2024T14:50:20 - [MESSAGE][PASSED] - Delayed 5 second(s)

11-02-2024T14:50:20 - [TEST_STEP][PASSED] - closeBrowser(): Browser is closed

11-02-2024T14:50:20 - [MESSAGE][PASSED] - Browser is closed

11-02-2024T14:50:23 - [TEST_STEP][PASSED] - Video: Video recording for test case 'Test Cases/1 Positive test case/2 login user (data driven)' .

11-02-2024T14:50:23 - [MESSAGE][INFO] - Video recording for test case 'Test Cases/1 Positive test case/2 login user (data driven)' .]]></system-out>
         <system-err><![CDATA[]]></system-err>
      </testcase>
      <system-out><![CDATA[11-02-2024T14:47:53 - [TEST_SUITE][PASSED] - 1 login and register: Test Cases/1 Positive test case/2 login user (data driven)]]></system-out>
      <system-err><![CDATA[]]></system-err>
   </testsuite>
   <testsuite name="2 search, filter and add to chart item" tests="10" failures="0" errors="0" time="309.335" skipped="0" timestamp="11-02-2024T14:47:59" hostname="ACER - LAPTOP-DI70DTOM" id="Test Suites/1 Test Suites/2 search, filter and add to chart item">
      <properties>
         <property name="deviceName" value=""/>
         <property name="devicePlatform" value=""/>
         <property name="logFolder" value="C:\\Users\\ACER\\git\\Final-Project-QA-WEB\\Reports\\20240211_144740\\1 Test Suites\\2 search, filter and add to chart item\\20240211_144743"/>
         <property name="logFiles" value="C:\\Users\\ACER\\git\\Final-Project-QA-WEB\\Reports\\20240211_144740\\1 Test Suites\\2 search, filter and add to chart item\\20240211_144743\\execution0.log"/>
         <property name="attachments" value=""/>
         <property name="hostName" value="ACER - LAPTOP-DI70DTOM"/>
         <property name="os" value="Windows 11 64bit"/>
         <property name="katalonVersion" value="9.3.0.212"/>
         <property name="browser" value="Chrome 121.0.0.0"/>
         <property name="hostAddress" value="192.168.0.151"/>
         <property name="sessionId" value="739c90eec647968f36f625514531ec5e"/>
         <property name="seleniumVersion" value="3.141.59"/>
         <property name="proxyInformation" value="ProxyInformation { proxyOption=NO_PROXY, proxyServerType=HTTP, username=, password=********, proxyServerAddress=, proxyServerPort=0, executionList=&quot;&quot;, isApplyToDesiredCapabilities=true }"/>
         <property name="platform" value="Windows 11"/>
      </properties>
      <testcase name="Test Cases/1 Positive test case/3 Search Item (if-else)" time="41.071" classname="Test Cases/1 Positive test case/3 Search Item (if-else)" status="PASSED">
         <system-out><![CDATA[11-02-2024T14:47:59 - [TEST_CASE][PASSED] - Test Cases/1 Positive test case/3 Search Item (if-else): Test Cases/1 Positive test case/3 Search Item (if-else)

11-02-2024T14:48:00 - [TEST_STEP][PASSED] - openBrowser(""): Browser is opened with url: ''

11-02-2024T14:48:01 - [MESSAGE][INFO] - Starting 'Chrome' driver

11-02-2024T14:48:01 - [MESSAGE][INFO] - Action delay is set to 0 milliseconds

11-02-2024T14:48:04 - [MESSAGE][PASSED] - Browser is opened with url: ''

11-02-2024T14:48:04 - [TEST_STEP][PASSED] - navigateToUrl("https://advantageonlineshopping.com/"): Navigate to 'https://advantageonlineshopping.com/' successfully

11-02-2024T14:48:07 - [MESSAGE][PASSED] - Navigate to 'https://advantageonlineshopping.com/' successfully

11-02-2024T14:48:07 - [TEST_STEP][PASSED] - click(findTestObject("Object Repository/Fitur Search 2/svg_CHECKOUT  (0.00)_menuUser")): Object: 'Object Repository/Fitur Search 2/svg_CHECKOUT  (0.00)_menuUser' is clicked on

11-02-2024T14:48:12 - [MESSAGE][PASSED] - Object: 'Object Repository/Fitur Search 2/svg_CHECKOUT  (0.00)_menuUser' is clicked on

11-02-2024T14:48:12 - [TEST_STEP][PASSED] - setText(findTestObject("Object Repository/Fitur Search 2/input_OR_username"), "yudhatesting"): Text 'yudhatesting' is set on object 'Object Repository/Fitur Search 2/input_OR_username'

11-02-2024T14:48:13 - [MESSAGE][PASSED] - Text 'yudhatesting' is set on object 'Object Repository/Fitur Search 2/input_OR_username'

11-02-2024T14:48:13 - [TEST_STEP][PASSED] - setEncryptedText(findTestObject("Object Repository/Fitur Search 2/input_Username_password"), "VjyC/is+sZNhzZxZ8kSNJw=="): Text ****** has been set on object 'Object Repository/Fitur Search 2/input_Username_password'

11-02-2024T14:48:15 - [MESSAGE][PASSED] - Text ****** has been set on object 'Object Repository/Fitur Search 2/input_Username_password'

11-02-2024T14:48:15 - [TEST_STEP][PASSED] - click(findTestObject("Object Repository/Fitur Search 2/button_SIGN IN")): Object: 'Object Repository/Fitur Search 2/button_SIGN IN' is clicked on

11-02-2024T14:48:15 - [MESSAGE][PASSED] - Object: 'Object Repository/Fitur Search 2/button_SIGN IN' is clicked on

11-02-2024T14:48:15 - [TEST_STEP][PASSED] - keyword = "tablet": null

11-02-2024T14:48:15 - [TEST_STEP][PASSED] - setText(findTestObject("Object Repository/Fitur Search 2/input_DEMO_mobile_search"), keyword): Text 'tablet' is set on object 'Object Repository/Fitur Search 2/input_DEMO_mobile_search'

11-02-2024T14:48:19 - [MESSAGE][PASSED] - Text 'tablet' is set on object 'Object Repository/Fitur Search 2/input_DEMO_mobile_search'

11-02-2024T14:48:19 - [TEST_STEP][PASSED] - sendKeys(findTestObject("Object Repository/Fitur Search 2/input_DEMO_mobile_search"), Keys.chord(ENTER)): Keys 'ENTER + ' sent to object: 'Object Repository/Fitur Search 2/input_DEMO_mobile_search'

11-02-2024T14:48:31 - [MESSAGE][PASSED] - Keys 'ENTER + ' sent to object: 'Object Repository/Fitur Search 2/input_DEMO_mobile_search'

11-02-2024T14:48:31 - [TEST_STEP][PASSED] - if (!(keyword.equalsIgnoreCase("tablet"))): null

11-02-2024T14:48:31 - [TEST_STEP][PASSED] - else: Browser is closed

11-02-2024T14:48:31 - [TEST_STEP][PASSED] - click(findTestObject("Object Repository/Fitur Search 2/img_SHOP NOW_16")): Object: 'Object Repository/Fitur Search 2/img_SHOP NOW_16' is clicked on

11-02-2024T14:48:36 - [MESSAGE][PASSED] - Object: 'Object Repository/Fitur Search 2/img_SHOP NOW_16' is clicked on

11-02-2024T14:48:36 - [TEST_STEP][PASSED] - click(findTestObject("Object Repository/Fitur Search 2/img")): Object: 'Object Repository/Fitur Search 2/img' is clicked on

11-02-2024T14:48:37 - [MESSAGE][PASSED] - Object: 'Object Repository/Fitur Search 2/img' is clicked on

11-02-2024T14:48:37 - [TEST_STEP][PASSED] - click(findTestObject("Object Repository/Fitur Search 2/img_1")): Object: 'Object Repository/Fitur Search 2/img_1' is clicked on

11-02-2024T14:48:37 - [MESSAGE][PASSED] - Object: 'Object Repository/Fitur Search 2/img_1' is clicked on

11-02-2024T14:48:37 - [TEST_STEP][PASSED] - click(findTestObject("Object Repository/Fitur Search 2/img_1_2")): Object: 'Object Repository/Fitur Search 2/img_1_2' is clicked on

11-02-2024T14:48:38 - [MESSAGE][PASSED] - Object: 'Object Repository/Fitur Search 2/img_1_2' is clicked on

11-02-2024T14:48:38 - [TEST_STEP][PASSED] - closeBrowser(): Browser is closed

11-02-2024T14:48:38 - [MESSAGE][PASSED] - Browser is closed

11-02-2024T14:48:40 - [TEST_STEP][PASSED] - Video: Video recording for test case 'Test Cases/1 Positive test case/3 Search Item (if-else)' .

11-02-2024T14:48:40 - [MESSAGE][INFO] - Video recording for test case 'Test Cases/1 Positive test case/3 Search Item (if-else)' .]]></system-out>
         <system-err><![CDATA[]]></system-err>
      </testcase>
      <testcase name="Test Cases/1 Positive test case/4 Filter item (switch-case and data driven)" time="20.923" classname="Test Cases/1 Positive test case/4 Filter item (switch-case and data driven)" status="PASSED">
         <system-out><![CDATA[11-02-2024T14:48:40 - [TEST_CASE][PASSED] - Test Cases/1 Positive test case/4 Filter item (switch-case and data driven): Test Cases/1 Positive test case/4 Filter item (switch-case and data driven)

11-02-2024T14:48:40 - [TEST_STEP][PASSED] - openBrowser(""): Browser is opened with url: ''

11-02-2024T14:48:40 - [MESSAGE][INFO] - Starting 'Chrome' driver

11-02-2024T14:48:40 - [MESSAGE][INFO] - Action delay is set to 0 milliseconds

11-02-2024T14:48:42 - [MESSAGE][PASSED] - Browser is opened with url: ''

11-02-2024T14:48:42 - [TEST_STEP][PASSED] - navigateToUrl("https://advantageonlineshopping.com/"): Navigate to 'https://advantageonlineshopping.com/' successfully

11-02-2024T14:48:45 - [MESSAGE][PASSED] - Navigate to 'https://advantageonlineshopping.com/' successfully

11-02-2024T14:48:45 - [TEST_STEP][PASSED] - click(findTestObject("Object Repository/Fitur Filter 2/div_SPEAKERS                        Shop Now")): Object: 'Object Repository/Fitur Filter 2/div_SPEAKERS                        Shop Now' is clicked on

11-02-2024T14:48:50 - [MESSAGE][PASSED] - Object: 'Object Repository/Fitur Filter 2/div_SPEAKERS                        Shop Now' is clicked on

11-02-2024T14:48:50 - [TEST_STEP][PASSED] - filterType = filtername: null

11-02-2024T14:48:50 - [TEST_STEP][PASSED] - switch (filterType): null

11-02-2024T14:48:50 - [TEST_STEP][PASSED] - case "WIRELESS TECHNOLOGY":: null

11-02-2024T14:48:50 - [TEST_STEP][PASSED] - click(findTestObject("Object Repository/Fitur Filter 2/h4_WIRELESS TECHNOLOGY")): Object: 'Object Repository/Fitur Filter 2/h4_WIRELESS TECHNOLOGY' is clicked on

11-02-2024T14:48:53 - [MESSAGE][PASSED] - Object: 'Object Repository/Fitur Filter 2/h4_WIRELESS TECHNOLOGY' is clicked on

11-02-2024T14:48:53 - [TEST_STEP][PASSED] - click(findTestObject("Object Repository/Fitur Filter 2/input_WIRELESS TECHNOLOGY_wireless_technology_0")): Object: 'Object Repository/Fitur Filter 2/input_WIRELESS TECHNOLOGY_wireless_technology_0' is clicked on

11-02-2024T14:48:53 - [MESSAGE][PASSED] - Object: 'Object Repository/Fitur Filter 2/input_WIRELESS TECHNOLOGY_wireless_technology_0' is clicked on

11-02-2024T14:48:53 - [TEST_STEP][PASSED] - break: null

11-02-2024T14:48:53 - [TEST_STEP][PASSED] - delay(5): Delayed 5 second(s)

11-02-2024T14:48:58 - [MESSAGE][PASSED] - Delayed 5 second(s)

11-02-2024T14:48:58 - [TEST_STEP][PASSED] - closeBrowser(): Browser is closed

11-02-2024T14:48:59 - [MESSAGE][PASSED] - Browser is closed

11-02-2024T14:49:01 - [TEST_STEP][PASSED] - Video: Video recording for test case 'Test Cases/1 Positive test case/4 Filter item (switch-case and data driven)' .

11-02-2024T14:49:01 - [MESSAGE][INFO] - Video recording for test case 'Test Cases/1 Positive test case/4 Filter item (switch-case and data driven)' .]]></system-out>
         <system-err><![CDATA[]]></system-err>
      </testcase>
      <testcase name="Test Cases/1 Positive test case/4 Filter item (switch-case and data driven)" time="33.048" classname="Test Cases/1 Positive test case/4 Filter item (switch-case and data driven)" status="PASSED">
         <system-out><![CDATA[11-02-2024T14:49:01 - [TEST_CASE][PASSED] - Test Cases/1 Positive test case/4 Filter item (switch-case and data driven): Test Cases/1 Positive test case/4 Filter item (switch-case and data driven)

11-02-2024T14:49:01 - [TEST_STEP][PASSED] - openBrowser(""): Browser is opened with url: ''

11-02-2024T14:49:01 - [MESSAGE][INFO] - Starting 'Chrome' driver

11-02-2024T14:49:01 - [MESSAGE][INFO] - Action delay is set to 0 milliseconds

11-02-2024T14:49:03 - [MESSAGE][PASSED] - Browser is opened with url: ''

11-02-2024T14:49:03 - [TEST_STEP][PASSED] - navigateToUrl("https://advantageonlineshopping.com/"): Navigate to 'https://advantageonlineshopping.com/' successfully

11-02-2024T14:49:06 - [MESSAGE][PASSED] - Navigate to 'https://advantageonlineshopping.com/' successfully

11-02-2024T14:49:06 - [TEST_STEP][PASSED] - click(findTestObject("Object Repository/Fitur Filter 2/div_SPEAKERS                        Shop Now")): Object: 'Object Repository/Fitur Filter 2/div_SPEAKERS                        Shop Now' is clicked on

11-02-2024T14:49:13 - [MESSAGE][PASSED] - Object: 'Object Repository/Fitur Filter 2/div_SPEAKERS                        Shop Now' is clicked on

11-02-2024T14:49:13 - [TEST_STEP][PASSED] - filterType = filtername: null

11-02-2024T14:49:13 - [TEST_STEP][PASSED] - switch (filterType): null

11-02-2024T14:49:13 - [TEST_STEP][PASSED] - case "COLOR":: null

11-02-2024T14:49:13 - [TEST_STEP][PASSED] - click(findTestObject("Object Repository/Fitur Filter 2/h4_COLOR")): Object: 'Object Repository/Fitur Filter 2/h4_COLOR' is clicked on

11-02-2024T14:49:26 - [MESSAGE][PASSED] - Object: 'Object Repository/Fitur Filter 2/h4_COLOR' is clicked on

11-02-2024T14:49:26 - [TEST_STEP][PASSED] - click(findTestObject("Object Repository/Fitur Filter 2/a_COLOR_productsColors414141")): Object: 'Object Repository/Fitur Filter 2/a_COLOR_productsColors414141' is clicked on

11-02-2024T14:49:26 - [MESSAGE][PASSED] - Object: 'Object Repository/Fitur Filter 2/a_COLOR_productsColors414141' is clicked on

11-02-2024T14:49:26 - [TEST_STEP][PASSED] - break: null

11-02-2024T14:49:26 - [TEST_STEP][PASSED] - delay(5): Delayed 5 second(s)

11-02-2024T14:49:31 - [MESSAGE][PASSED] - Delayed 5 second(s)

11-02-2024T14:49:31 - [TEST_STEP][PASSED] - closeBrowser(): Browser is closed

11-02-2024T14:49:32 - [MESSAGE][PASSED] - Browser is closed

11-02-2024T14:49:34 - [TEST_STEP][PASSED] - Video: Video recording for test case 'Test Cases/1 Positive test case/4 Filter item (switch-case and data driven)' .

11-02-2024T14:49:34 - [MESSAGE][INFO] - Video recording for test case 'Test Cases/1 Positive test case/4 Filter item (switch-case and data driven)' .]]></system-out>
         <system-err><![CDATA[]]></system-err>
      </testcase>
      <testcase name="Test Cases/1 Positive test case/4 Filter item (switch-case and data driven)" time="27.515" classname="Test Cases/1 Positive test case/4 Filter item (switch-case and data driven)" status="PASSED">
         <system-out><![CDATA[11-02-2024T14:49:34 - [TEST_CASE][PASSED] - Test Cases/1 Positive test case/4 Filter item (switch-case and data driven): Test Cases/1 Positive test case/4 Filter item (switch-case and data driven)

11-02-2024T14:49:34 - [TEST_STEP][PASSED] - openBrowser(""): Browser is opened with url: ''

11-02-2024T14:49:34 - [MESSAGE][INFO] - Starting 'Chrome' driver

11-02-2024T14:49:34 - [MESSAGE][INFO] - Action delay is set to 0 milliseconds

11-02-2024T14:49:36 - [MESSAGE][PASSED] - Browser is opened with url: ''

11-02-2024T14:49:36 - [TEST_STEP][PASSED] - navigateToUrl("https://advantageonlineshopping.com/"): Navigate to 'https://advantageonlineshopping.com/' successfully

11-02-2024T14:49:44 - [MESSAGE][PASSED] - Navigate to 'https://advantageonlineshopping.com/' successfully

11-02-2024T14:49:44 - [TEST_STEP][PASSED] - click(findTestObject("Object Repository/Fitur Filter 2/div_SPEAKERS                        Shop Now")): Object: 'Object Repository/Fitur Filter 2/div_SPEAKERS                        Shop Now' is clicked on

11-02-2024T14:49:50 - [MESSAGE][PASSED] - Object: 'Object Repository/Fitur Filter 2/div_SPEAKERS                        Shop Now' is clicked on

11-02-2024T14:49:50 - [TEST_STEP][PASSED] - filterType = filtername: null

11-02-2024T14:49:50 - [TEST_STEP][PASSED] - switch (filterType): null

11-02-2024T14:49:50 - [TEST_STEP][PASSED] - case "MANUFACTURER":: null

11-02-2024T14:49:50 - [TEST_STEP][PASSED] - click(findTestObject("Object Repository/Fitur Filter 2/h4_MANUFACTURER")): Object: 'Object Repository/Fitur Filter 2/h4_MANUFACTURER' is clicked on

11-02-2024T14:49:54 - [MESSAGE][PASSED] - Object: 'Object Repository/Fitur Filter 2/h4_MANUFACTURER' is clicked on

11-02-2024T14:49:54 - [TEST_STEP][PASSED] - click(findTestObject("Object Repository/Fitur Filter 2/input_MANUFACTURER_manufacturer_0")): Object: 'Object Repository/Fitur Filter 2/input_MANUFACTURER_manufacturer_0' is clicked on

11-02-2024T14:49:54 - [MESSAGE][PASSED] - Object: 'Object Repository/Fitur Filter 2/input_MANUFACTURER_manufacturer_0' is clicked on

11-02-2024T14:49:54 - [TEST_STEP][PASSED] - break: null

11-02-2024T14:49:54 - [TEST_STEP][PASSED] - delay(5): Delayed 5 second(s)

11-02-2024T14:49:59 - [MESSAGE][PASSED] - Delayed 5 second(s)

11-02-2024T14:49:59 - [TEST_STEP][PASSED] - closeBrowser(): Browser is closed

11-02-2024T14:50:00 - [MESSAGE][PASSED] - Browser is closed

11-02-2024T14:50:02 - [TEST_STEP][PASSED] - Video: Video recording for test case 'Test Cases/1 Positive test case/4 Filter item (switch-case and data driven)' .

11-02-2024T14:50:02 - [MESSAGE][INFO] - Video recording for test case 'Test Cases/1 Positive test case/4 Filter item (switch-case and data driven)' .]]></system-out>
         <system-err><![CDATA[]]></system-err>
      </testcase>
      <testcase name="Test Cases/1 Positive test case/4 Filter item (switch-case and data driven)" time="32.912" classname="Test Cases/1 Positive test case/4 Filter item (switch-case and data driven)" status="PASSED">
         <system-out><![CDATA[11-02-2024T14:50:02 - [TEST_CASE][PASSED] - Test Cases/1 Positive test case/4 Filter item (switch-case and data driven): Test Cases/1 Positive test case/4 Filter item (switch-case and data driven)

11-02-2024T14:50:02 - [TEST_STEP][PASSED] - openBrowser(""): Browser is opened with url: ''

11-02-2024T14:50:02 - [MESSAGE][INFO] - Starting 'Chrome' driver

11-02-2024T14:50:02 - [MESSAGE][INFO] - Action delay is set to 0 milliseconds

11-02-2024T14:50:03 - [MESSAGE][PASSED] - Browser is opened with url: ''

11-02-2024T14:50:03 - [TEST_STEP][PASSED] - navigateToUrl("https://advantageonlineshopping.com/"): Navigate to 'https://advantageonlineshopping.com/' successfully

11-02-2024T14:50:06 - [MESSAGE][PASSED] - Navigate to 'https://advantageonlineshopping.com/' successfully

11-02-2024T14:50:06 - [TEST_STEP][PASSED] - click(findTestObject("Object Repository/Fitur Filter 2/div_SPEAKERS                        Shop Now")): Object: 'Object Repository/Fitur Filter 2/div_SPEAKERS                        Shop Now' is clicked on

11-02-2024T14:50:11 - [MESSAGE][PASSED] - Object: 'Object Repository/Fitur Filter 2/div_SPEAKERS                        Shop Now' is clicked on

11-02-2024T14:50:11 - [TEST_STEP][PASSED] - filterType = filtername: null

11-02-2024T14:50:11 - [TEST_STEP][PASSED] - switch (filterType): null

11-02-2024T14:50:11 - [TEST_STEP][PASSED] - case "COMPATIBILITY":: null

11-02-2024T14:50:11 - [TEST_STEP][PASSED] - click(findTestObject("Object Repository/Fitur Filter 2/h4_COMPATIBILITY")): Object: 'Object Repository/Fitur Filter 2/h4_COMPATIBILITY' is clicked on

11-02-2024T14:50:26 - [MESSAGE][PASSED] - Object: 'Object Repository/Fitur Filter 2/h4_COMPATIBILITY' is clicked on

11-02-2024T14:50:26 - [TEST_STEP][PASSED] - click(findTestObject("Object Repository/Fitur Filter 2/label_Any device that has bluetooth enabled")): Object: 'Object Repository/Fitur Filter 2/label_Any device that has bluetooth enabled' is clicked on

11-02-2024T14:50:27 - [MESSAGE][PASSED] - Object: 'Object Repository/Fitur Filter 2/label_Any device that has bluetooth enabled' is clicked on

11-02-2024T14:50:27 - [TEST_STEP][PASSED] - click(findTestObject("Object Repository/Fitur Filter 2/input_COMPATIBILITY_compatibility_0")): Object: 'Object Repository/Fitur Filter 2/input_COMPATIBILITY_compatibility_0' is clicked on

11-02-2024T14:50:27 - [MESSAGE][PASSED] - Object: 'Object Repository/Fitur Filter 2/input_COMPATIBILITY_compatibility_0' is clicked on

11-02-2024T14:50:27 - [TEST_STEP][PASSED] - break: null

11-02-2024T14:50:27 - [TEST_STEP][PASSED] - delay(5): Delayed 5 second(s)

11-02-2024T14:50:32 - [MESSAGE][PASSED] - Delayed 5 second(s)

11-02-2024T14:50:32 - [TEST_STEP][PASSED] - closeBrowser(): Browser is closed

11-02-2024T14:50:33 - [MESSAGE][PASSED] - Browser is closed

11-02-2024T14:50:35 - [TEST_STEP][PASSED] - Video: Video recording for test case 'Test Cases/1 Positive test case/4 Filter item (switch-case and data driven)' .

11-02-2024T14:50:35 - [MESSAGE][INFO] - Video recording for test case 'Test Cases/1 Positive test case/4 Filter item (switch-case and data driven)' .]]></system-out>
         <system-err><![CDATA[]]></system-err>
      </testcase>
      <testcase name="Test Cases/1 Positive test case/5 Add to Chart (switch-case and data driven)" time="34.436" classname="Test Cases/1 Positive test case/5 Add to Chart (switch-case and data driven)" status="PASSED">
         <system-out><![CDATA[11-02-2024T14:50:35 - [TEST_CASE][PASSED] - Test Cases/1 Positive test case/5 Add to Chart (switch-case and data driven): Test Cases/1 Positive test case/5 Add to Chart (switch-case and data driven)

11-02-2024T14:50:35 - [TEST_STEP][PASSED] - openBrowser(""): Browser is opened with url: ''

11-02-2024T14:50:35 - [MESSAGE][INFO] - Starting 'Chrome' driver

11-02-2024T14:50:35 - [MESSAGE][INFO] - Action delay is set to 0 milliseconds

11-02-2024T14:50:36 - [MESSAGE][PASSED] - Browser is opened with url: ''

11-02-2024T14:50:36 - [TEST_STEP][PASSED] - navigateToUrl("https://advantageonlineshopping.com/"): Navigate to 'https://advantageonlineshopping.com/' successfully

11-02-2024T14:50:45 - [MESSAGE][PASSED] - Navigate to 'https://advantageonlineshopping.com/' successfully

11-02-2024T14:50:45 - [TEST_STEP][PASSED] - click(findTestObject("Object Repository/fitur add to chart/a_My account                        My orde_124641")): Object: 'Object Repository/fitur add to chart/a_My account                        My orde_124641' is clicked on

11-02-2024T14:50:49 - [MESSAGE][PASSED] - Object: 'Object Repository/fitur add to chart/a_My account                        My orde_124641' is clicked on

11-02-2024T14:50:49 - [TEST_STEP][PASSED] - setText(findTestObject("Object Repository/fitur add to chart/input_OR_username"), "yudhatesting"): Text 'yudhatesting' is set on object 'Object Repository/fitur add to chart/input_OR_username'

11-02-2024T14:50:51 - [MESSAGE][PASSED] - Text 'yudhatesting' is set on object 'Object Repository/fitur add to chart/input_OR_username'

11-02-2024T14:50:51 - [TEST_STEP][PASSED] - setEncryptedText(findTestObject("Object Repository/fitur add to chart/input_Username_password"), "VjyC/is+sZNhzZxZ8kSNJw=="): Text ****** has been set on object 'Object Repository/fitur add to chart/input_Username_password'

11-02-2024T14:50:52 - [MESSAGE][PASSED] - Text ****** has been set on object 'Object Repository/fitur add to chart/input_Username_password'

11-02-2024T14:50:52 - [TEST_STEP][PASSED] - click(findTestObject("Object Repository/fitur add to chart/button_SIGN IN")): Object: 'Object Repository/fitur add to chart/button_SIGN IN' is clicked on

11-02-2024T14:50:52 - [MESSAGE][PASSED] - Object: 'Object Repository/fitur add to chart/button_SIGN IN' is clicked on

11-02-2024T14:50:52 - [TEST_STEP][PASSED] - click(findTestObject("Object Repository/fitur add to chart/div_LAPTOPS                        Shop Now")): Object: 'Object Repository/fitur add to chart/div_LAPTOPS                        Shop Now' is clicked on

11-02-2024T14:50:55 - [MESSAGE][PASSED] - Object: 'Object Repository/fitur add to chart/div_LAPTOPS                        Shop Now' is clicked on

11-02-2024T14:50:55 - [TEST_STEP][PASSED] - laptopType = datalaptop: null

11-02-2024T14:50:55 - [TEST_STEP][PASSED] - switch (laptopType): null

11-02-2024T14:50:55 - [TEST_STEP][PASSED] - case "LAPTOP A":: null

11-02-2024T14:50:55 - [TEST_STEP][PASSED] - click(findTestObject("Object Repository/fitur add to chart/img_SHOP NOW_9")): Object: 'Object Repository/fitur add to chart/img_SHOP NOW_9' is clicked on

11-02-2024T14:50:57 - [MESSAGE][PASSED] - Object: 'Object Repository/fitur add to chart/img_SHOP NOW_9' is clicked on

11-02-2024T14:50:57 - [TEST_STEP][PASSED] - click(findTestObject("Object Repository/fitur add to chart/button_ADD TO CART")): Object: 'Object Repository/fitur add to chart/button_ADD TO CART' is clicked on

11-02-2024T14:50:59 - [MESSAGE][PASSED] - Object: 'Object Repository/fitur add to chart/button_ADD TO CART' is clicked on

11-02-2024T14:50:59 - [TEST_STEP][PASSED] - click(findTestObject("Object Repository/fitur add to chart/a_LAPTOPS")): Object: 'Object Repository/fitur add to chart/a_LAPTOPS' is clicked on

11-02-2024T14:51:01 - [MESSAGE][PASSED] - Object: 'Object Repository/fitur add to chart/a_LAPTOPS' is clicked on

11-02-2024T14:51:01 - [TEST_STEP][PASSED] - break: null

11-02-2024T14:51:01 - [TEST_STEP][PASSED] - click(findTestObject("Object Repository/fitur add to chart/a_3")): Object: 'Object Repository/fitur add to chart/a_3' is clicked on

11-02-2024T14:51:02 - [MESSAGE][PASSED] - Object: 'Object Repository/fitur add to chart/a_3' is clicked on

11-02-2024T14:51:02 - [TEST_STEP][PASSED] - delay(5): Delayed 5 second(s)

11-02-2024T14:51:07 - [MESSAGE][PASSED] - Delayed 5 second(s)

11-02-2024T14:51:07 - [TEST_STEP][PASSED] - closeBrowser(): Browser is closed

11-02-2024T14:51:07 - [MESSAGE][PASSED] - Browser is closed

11-02-2024T14:51:09 - [TEST_STEP][PASSED] - Video: Video recording for test case 'Test Cases/1 Positive test case/5 Add to Chart (switch-case and data driven)' .

11-02-2024T14:51:09 - [MESSAGE][INFO] - Video recording for test case 'Test Cases/1 Positive test case/5 Add to Chart (switch-case and data driven)' .]]></system-out>
         <system-err><![CDATA[]]></system-err>
      </testcase>
      <testcase name="Test Cases/1 Positive test case/5 Add to Chart (switch-case and data driven)" time="34.423" classname="Test Cases/1 Positive test case/5 Add to Chart (switch-case and data driven)" status="PASSED">
         <system-out><![CDATA[11-02-2024T14:51:09 - [TEST_CASE][PASSED] - Test Cases/1 Positive test case/5 Add to Chart (switch-case and data driven): Test Cases/1 Positive test case/5 Add to Chart (switch-case and data driven)

11-02-2024T14:51:09 - [TEST_STEP][PASSED] - openBrowser(""): Browser is opened with url: ''

11-02-2024T14:51:09 - [MESSAGE][INFO] - Starting 'Chrome' driver

11-02-2024T14:51:09 - [MESSAGE][INFO] - Action delay is set to 0 milliseconds

11-02-2024T14:51:10 - [MESSAGE][PASSED] - Browser is opened with url: ''

11-02-2024T14:51:10 - [TEST_STEP][PASSED] - navigateToUrl("https://advantageonlineshopping.com/"): Navigate to 'https://advantageonlineshopping.com/' successfully

11-02-2024T14:51:18 - [MESSAGE][PASSED] - Navigate to 'https://advantageonlineshopping.com/' successfully

11-02-2024T14:51:18 - [TEST_STEP][PASSED] - click(findTestObject("Object Repository/fitur add to chart/a_My account                        My orde_124641")): Object: 'Object Repository/fitur add to chart/a_My account                        My orde_124641' is clicked on

11-02-2024T14:51:22 - [MESSAGE][PASSED] - Object: 'Object Repository/fitur add to chart/a_My account                        My orde_124641' is clicked on

11-02-2024T14:51:22 - [TEST_STEP][PASSED] - setText(findTestObject("Object Repository/fitur add to chart/input_OR_username"), "yudhatesting"): Text 'yudhatesting' is set on object 'Object Repository/fitur add to chart/input_OR_username'

11-02-2024T14:51:23 - [MESSAGE][PASSED] - Text 'yudhatesting' is set on object 'Object Repository/fitur add to chart/input_OR_username'

11-02-2024T14:51:23 - [TEST_STEP][PASSED] - setEncryptedText(findTestObject("Object Repository/fitur add to chart/input_Username_password"), "VjyC/is+sZNhzZxZ8kSNJw=="): Text ****** has been set on object 'Object Repository/fitur add to chart/input_Username_password'

11-02-2024T14:51:24 - [MESSAGE][PASSED] - Text ****** has been set on object 'Object Repository/fitur add to chart/input_Username_password'

11-02-2024T14:51:24 - [TEST_STEP][PASSED] - click(findTestObject("Object Repository/fitur add to chart/button_SIGN IN")): Object: 'Object Repository/fitur add to chart/button_SIGN IN' is clicked on

11-02-2024T14:51:25 - [MESSAGE][PASSED] - Object: 'Object Repository/fitur add to chart/button_SIGN IN' is clicked on

11-02-2024T14:51:25 - [TEST_STEP][PASSED] - click(findTestObject("Object Repository/fitur add to chart/div_LAPTOPS                        Shop Now")): Object: 'Object Repository/fitur add to chart/div_LAPTOPS                        Shop Now' is clicked on

11-02-2024T14:51:29 - [MESSAGE][PASSED] - Object: 'Object Repository/fitur add to chart/div_LAPTOPS                        Shop Now' is clicked on

11-02-2024T14:51:29 - [TEST_STEP][PASSED] - laptopType = datalaptop: null

11-02-2024T14:51:29 - [TEST_STEP][PASSED] - switch (laptopType): null

11-02-2024T14:51:29 - [TEST_STEP][PASSED] - case "LAPTOP B":: null

11-02-2024T14:51:29 - [TEST_STEP][PASSED] - click(findTestObject("Object Repository/fitur add to chart/img_SHOP NOW_10")): Object: 'Object Repository/fitur add to chart/img_SHOP NOW_10' is clicked on

11-02-2024T14:51:31 - [MESSAGE][PASSED] - Object: 'Object Repository/fitur add to chart/img_SHOP NOW_10' is clicked on

11-02-2024T14:51:31 - [TEST_STEP][PASSED] - click(findTestObject("Object Repository/fitur add to chart/button_ADD TO CART")): Object: 'Object Repository/fitur add to chart/button_ADD TO CART' is clicked on

11-02-2024T14:51:34 - [MESSAGE][PASSED] - Object: 'Object Repository/fitur add to chart/button_ADD TO CART' is clicked on

11-02-2024T14:51:34 - [TEST_STEP][PASSED] - click(findTestObject("Object Repository/fitur add to chart/a_LAPTOPS")): Object: 'Object Repository/fitur add to chart/a_LAPTOPS' is clicked on

11-02-2024T14:51:36 - [MESSAGE][PASSED] - Object: 'Object Repository/fitur add to chart/a_LAPTOPS' is clicked on

11-02-2024T14:51:36 - [TEST_STEP][PASSED] - break: null

11-02-2024T14:51:36 - [TEST_STEP][PASSED] - click(findTestObject("Object Repository/fitur add to chart/a_3")): Object: 'Object Repository/fitur add to chart/a_3' is clicked on

11-02-2024T14:51:36 - [MESSAGE][PASSED] - Object: 'Object Repository/fitur add to chart/a_3' is clicked on

11-02-2024T14:51:36 - [TEST_STEP][PASSED] - delay(5): Delayed 5 second(s)

11-02-2024T14:51:41 - [MESSAGE][PASSED] - Delayed 5 second(s)

11-02-2024T14:51:41 - [TEST_STEP][PASSED] - closeBrowser(): Browser is closed

11-02-2024T14:51:41 - [MESSAGE][PASSED] - Browser is closed

11-02-2024T14:51:43 - [TEST_STEP][PASSED] - Video: Video recording for test case 'Test Cases/1 Positive test case/5 Add to Chart (switch-case and data driven)' .

11-02-2024T14:51:43 - [MESSAGE][INFO] - Video recording for test case 'Test Cases/1 Positive test case/5 Add to Chart (switch-case and data driven)' .]]></system-out>
         <system-err><![CDATA[]]></system-err>
      </testcase>
      <testcase name="Test Cases/1 Positive test case/9 Contact Us" time="32.591" classname="Test Cases/1 Positive test case/9 Contact Us" status="PASSED">
         <system-out><![CDATA[11-02-2024T14:51:44 - [TEST_CASE][PASSED] - Test Cases/1 Positive test case/9 Contact Us: Test Cases/1 Positive test case/9 Contact Us

11-02-2024T14:51:44 - [TEST_STEP][PASSED] - openBrowser(""): Browser is opened with url: ''

11-02-2024T14:51:44 - [MESSAGE][INFO] - Starting 'Chrome' driver

11-02-2024T14:51:44 - [MESSAGE][INFO] - Action delay is set to 0 milliseconds

11-02-2024T14:51:45 - [MESSAGE][PASSED] - Browser is opened with url: ''

11-02-2024T14:51:45 - [TEST_STEP][PASSED] - navigateToUrl("https://advantageonlineshopping.com/"): Navigate to 'https://advantageonlineshopping.com/' successfully

11-02-2024T14:51:57 - [MESSAGE][PASSED] - Navigate to 'https://advantageonlineshopping.com/' successfully

11-02-2024T14:51:57 - [TEST_STEP][PASSED] - selectOptionByValue(findTestObject("Object Repository/fitur contact us/select_Select CategoryLaptopsHeadphonesTabl_1ef56f"), "object:60", true): All options with value 'object:60' are selected in object 'Object Repository/fitur contact us/select_Select CategoryLaptopsHeadphonesTabl_1ef56f'  using regular expression

11-02-2024T14:52:03 - [MESSAGE][PASSED] - All options with value 'object:60' are selected in object 'Object Repository/fitur contact us/select_Select CategoryLaptopsHeadphonesTabl_1ef56f'  using regular expression

11-02-2024T14:52:03 - [TEST_STEP][PASSED] - selectOptionByValue(findTestObject("Object Repository/fitur contact us/select_Select ProductHP Chromebook 14 G1(EN_361ba3"), "object:123", true): All options with value 'object:123' are selected in object 'Object Repository/fitur contact us/select_Select ProductHP Chromebook 14 G1(EN_361ba3'  using regular expression

11-02-2024T14:52:06 - [MESSAGE][PASSED] - All options with value 'object:123' are selected in object 'Object Repository/fitur contact us/select_Select ProductHP Chromebook 14 G1(EN_361ba3'  using regular expression

11-02-2024T14:52:06 - [TEST_STEP][PASSED] - setText(findTestObject("Object Repository/fitur contact us/input__emailContactUs"), email): Text 'yudhatesting@gmail.com' is set on object 'Object Repository/fitur contact us/input__emailContactUs'

11-02-2024T14:52:07 - [MESSAGE][PASSED] - Text 'yudhatesting@gmail.com' is set on object 'Object Repository/fitur contact us/input__emailContactUs'

11-02-2024T14:52:07 - [TEST_STEP][PASSED] - setText(findTestObject("Object Repository/fitur contact us/textarea__subjectTextareaContactUs"), subject): Text 'this product so cool!' is set on object 'Object Repository/fitur contact us/textarea__subjectTextareaContactUs'

11-02-2024T14:52:08 - [MESSAGE][PASSED] - Text 'this product so cool!' is set on object 'Object Repository/fitur contact us/textarea__subjectTextareaContactUs'

11-02-2024T14:52:08 - [TEST_STEP][PASSED] - click(findTestObject("Object Repository/fitur contact us/button_SEND")): Object: 'Object Repository/fitur contact us/button_SEND' is clicked on

11-02-2024T14:52:09 - [MESSAGE][PASSED] - Object: 'Object Repository/fitur contact us/button_SEND' is clicked on

11-02-2024T14:52:09 - [TEST_STEP][PASSED] - delay(5): Delayed 5 second(s)

11-02-2024T14:52:14 - [MESSAGE][PASSED] - Delayed 5 second(s)

11-02-2024T14:52:14 - [TEST_STEP][PASSED] - closeBrowser(): Browser is closed

11-02-2024T14:52:14 - [MESSAGE][PASSED] - Browser is closed

11-02-2024T14:52:16 - [TEST_STEP][PASSED] - Video: Video recording for test case 'Test Cases/1 Positive test case/9 Contact Us' .

11-02-2024T14:52:16 - [MESSAGE][INFO] - Video recording for test case 'Test Cases/1 Positive test case/9 Contact Us' .]]></system-out>
         <system-err><![CDATA[]]></system-err>
      </testcase>
      <testcase name="Test Cases/1 Positive test case/9 Contact Us" time="30.543" classname="Test Cases/1 Positive test case/9 Contact Us" status="PASSED">
         <system-out><![CDATA[11-02-2024T14:52:16 - [TEST_CASE][PASSED] - Test Cases/1 Positive test case/9 Contact Us: Test Cases/1 Positive test case/9 Contact Us

11-02-2024T14:52:16 - [TEST_STEP][PASSED] - openBrowser(""): Browser is opened with url: ''

11-02-2024T14:52:16 - [MESSAGE][INFO] - Starting 'Chrome' driver

11-02-2024T14:52:16 - [MESSAGE][INFO] - Action delay is set to 0 milliseconds

11-02-2024T14:52:17 - [MESSAGE][PASSED] - Browser is opened with url: ''

11-02-2024T14:52:17 - [TEST_STEP][PASSED] - navigateToUrl("https://advantageonlineshopping.com/"): Navigate to 'https://advantageonlineshopping.com/' successfully

11-02-2024T14:52:27 - [MESSAGE][PASSED] - Navigate to 'https://advantageonlineshopping.com/' successfully

11-02-2024T14:52:27 - [TEST_STEP][PASSED] - selectOptionByValue(findTestObject("Object Repository/fitur contact us/select_Select CategoryLaptopsHeadphonesTabl_1ef56f"), "object:60", true): All options with value 'object:60' are selected in object 'Object Repository/fitur contact us/select_Select CategoryLaptopsHeadphonesTabl_1ef56f'  using regular expression

11-02-2024T14:52:33 - [MESSAGE][PASSED] - All options with value 'object:60' are selected in object 'Object Repository/fitur contact us/select_Select CategoryLaptopsHeadphonesTabl_1ef56f'  using regular expression

11-02-2024T14:52:33 - [TEST_STEP][PASSED] - selectOptionByValue(findTestObject("Object Repository/fitur contact us/select_Select ProductHP Chromebook 14 G1(EN_361ba3"), "object:123", true): All options with value 'object:123' are selected in object 'Object Repository/fitur contact us/select_Select ProductHP Chromebook 14 G1(EN_361ba3'  using regular expression

11-02-2024T14:52:36 - [MESSAGE][PASSED] - All options with value 'object:123' are selected in object 'Object Repository/fitur contact us/select_Select ProductHP Chromebook 14 G1(EN_361ba3'  using regular expression

11-02-2024T14:52:36 - [TEST_STEP][PASSED] - setText(findTestObject("Object Repository/fitur contact us/input__emailContactUs"), email): Text 'yudhatesting2@gmail.com' is set on object 'Object Repository/fitur contact us/input__emailContactUs'

11-02-2024T14:52:37 - [MESSAGE][PASSED] - Text 'yudhatesting2@gmail.com' is set on object 'Object Repository/fitur contact us/input__emailContactUs'

11-02-2024T14:52:37 - [TEST_STEP][PASSED] - setText(findTestObject("Object Repository/fitur contact us/textarea__subjectTextareaContactUs"), subject): Text 'I want to buy this product' is set on object 'Object Repository/fitur contact us/textarea__subjectTextareaContactUs'

11-02-2024T14:52:39 - [MESSAGE][PASSED] - Text 'I want to buy this product' is set on object 'Object Repository/fitur contact us/textarea__subjectTextareaContactUs'

11-02-2024T14:52:39 - [TEST_STEP][PASSED] - click(findTestObject("Object Repository/fitur contact us/button_SEND")): Object: 'Object Repository/fitur contact us/button_SEND' is clicked on

11-02-2024T14:52:39 - [MESSAGE][PASSED] - Object: 'Object Repository/fitur contact us/button_SEND' is clicked on

11-02-2024T14:52:39 - [TEST_STEP][PASSED] - delay(5): Delayed 5 second(s)

11-02-2024T14:52:44 - [MESSAGE][PASSED] - Delayed 5 second(s)

11-02-2024T14:52:44 - [TEST_STEP][PASSED] - closeBrowser(): Browser is closed

11-02-2024T14:52:45 - [MESSAGE][PASSED] - Browser is closed

11-02-2024T14:52:47 - [TEST_STEP][PASSED] - Video: Video recording for test case 'Test Cases/1 Positive test case/9 Contact Us' .

11-02-2024T14:52:47 - [MESSAGE][INFO] - Video recording for test case 'Test Cases/1 Positive test case/9 Contact Us' .]]></system-out>
         <system-err><![CDATA[]]></system-err>
      </testcase>
      <testcase name="Test Cases/1 Positive test case/10 Checking Link Sosial Media - customkeyword dan assert" time="21.139" classname="Test Cases/1 Positive test case/10 Checking Link Sosial Media - customkeyword dan assert" status="PASSED">
         <system-out><![CDATA[11-02-2024T14:52:47 - [TEST_CASE][PASSED] - Test Cases/1 Positive test case/10 Checking Link Sosial Media - customkeyword dan assert: Test Cases/1 Positive test case/10 Checking Link Sosial Media - customkeyword dan assert

11-02-2024T14:52:47 - [TEST_STEP][PASSED] - qawebtugas.keywordlogin.login(): qawebtugas.keywordlogin.login is PASSED

11-02-2024T14:52:47 - [MESSAGE][INFO] - Starting 'Chrome' driver

11-02-2024T14:52:47 - [MESSAGE][INFO] - Action delay is set to 0 milliseconds

11-02-2024T14:52:48 - [MESSAGE][PASSED] - Browser is opened with url: ''

11-02-2024T14:52:50 - [MESSAGE][PASSED] - Navigate to 'https://advantageonlineshopping.com/' successfully

11-02-2024T14:52:54 - [MESSAGE][PASSED] - Object: 'Object Repository/Fitur Search 2/svg_CHECKOUT  (0.00)_menuUser' is clicked on

11-02-2024T14:52:55 - [MESSAGE][PASSED] - Text 'yudhatesting' is set on object 'Object Repository/Fitur Search 2/input_OR_username'

11-02-2024T14:52:56 - [MESSAGE][PASSED] - Text ****** has been set on object 'Object Repository/Fitur Search 2/input_Username_password'

11-02-2024T14:52:57 - [MESSAGE][PASSED] - Object: 'Object Repository/Fitur Search 2/button_SIGN IN' is clicked on

11-02-2024T14:52:57 - [MESSAGE][PASSED] - qawebtugas.keywordlogin.login is PASSED

11-02-2024T14:52:57 - [TEST_STEP][PASSED] - assert verifyElementPresent(findTestObject("Object Repository/fitur sosmed/img_FOLLOW US_follow_facebook"), 10, CONTINUE_ON_FAILURE): Object 'Object Repository/fitur sosmed/img_FOLLOW US_follow_facebook' is present

11-02-2024T14:52:58 - [MESSAGE][PASSED] - Object 'Object Repository/fitur sosmed/img_FOLLOW US_follow_facebook' is present

11-02-2024T14:52:58 - [TEST_STEP][PASSED] - assert verifyElementPresent(findTestObject("Object Repository/fitur sosmed/img_FOLLOW US_follow_twitter"), 10, CONTINUE_ON_FAILURE): Object 'Object Repository/fitur sosmed/img_FOLLOW US_follow_twitter' is present

11-02-2024T14:52:58 - [MESSAGE][PASSED] - Object 'Object Repository/fitur sosmed/img_FOLLOW US_follow_twitter' is present

11-02-2024T14:52:58 - [TEST_STEP][PASSED] - assert verifyElementPresent(findTestObject("Object Repository/fitur sosmed/img_FOLLOW US_follow_linkedin"), 10, CONTINUE_ON_FAILURE): Object 'Object Repository/fitur sosmed/img_FOLLOW US_follow_linkedin' is present

11-02-2024T14:52:59 - [MESSAGE][PASSED] - Object 'Object Repository/fitur sosmed/img_FOLLOW US_follow_linkedin' is present

11-02-2024T14:52:59 - [TEST_STEP][PASSED] - assert verifyElementPresent(findTestObject("Object Repository/fitur sosmed/img_DEMO_go_up_btn"), 10, CONTINUE_ON_FAILURE): Object 'Object Repository/fitur sosmed/img_DEMO_go_up_btn' is present

11-02-2024T14:52:59 - [MESSAGE][PASSED] - Object 'Object Repository/fitur sosmed/img_DEMO_go_up_btn' is present

11-02-2024T14:52:59 - [TEST_STEP][PASSED] - click(findTestObject("Object Repository/fitur sosmed/img_FOLLOW US_follow_facebook")): Object: 'Object Repository/fitur sosmed/img_FOLLOW US_follow_facebook' is clicked on

11-02-2024T14:52:59 - [MESSAGE][PASSED] - Object: 'Object Repository/fitur sosmed/img_FOLLOW US_follow_facebook' is clicked on

11-02-2024T14:52:59 - [TEST_STEP][PASSED] - click(findTestObject("Object Repository/fitur sosmed/img_FOLLOW US_follow_twitter")): Object: 'Object Repository/fitur sosmed/img_FOLLOW US_follow_twitter' is clicked on

11-02-2024T14:53:01 - [MESSAGE][PASSED] - Object: 'Object Repository/fitur sosmed/img_FOLLOW US_follow_twitter' is clicked on

11-02-2024T14:53:01 - [TEST_STEP][PASSED] - click(findTestObject("Object Repository/fitur sosmed/img_FOLLOW US_follow_linkedin")): Object: 'Object Repository/fitur sosmed/img_FOLLOW US_follow_linkedin' is clicked on

11-02-2024T14:53:04 - [MESSAGE][PASSED] - Object: 'Object Repository/fitur sosmed/img_FOLLOW US_follow_linkedin' is clicked on

11-02-2024T14:53:04 - [TEST_STEP][PASSED] - click(findTestObject("Object Repository/fitur sosmed/img_DEMO_go_up_btn")): Object: 'Object Repository/fitur sosmed/img_DEMO_go_up_btn' is clicked on

11-02-2024T14:53:05 - [MESSAGE][PASSED] - Object: 'Object Repository/fitur sosmed/img_DEMO_go_up_btn' is clicked on

11-02-2024T14:53:05 - [TEST_STEP][PASSED] - closeBrowser(): Browser is closed

11-02-2024T14:53:06 - [MESSAGE][PASSED] - Browser is closed

11-02-2024T14:53:08 - [TEST_STEP][PASSED] - Video: Video recording for test case 'Test Cases/1 Positive test case/10 Checking Link Sosial Media - customkeyword dan assert' .

11-02-2024T14:53:08 - [MESSAGE][INFO] - Video recording for test case 'Test Cases/1 Positive test case/10 Checking Link Sosial Media - customkeyword dan assert' .]]></system-out>
         <system-err><![CDATA[]]></system-err>
      </testcase>
      <system-out><![CDATA[11-02-2024T14:47:59 - [TEST_SUITE][PASSED] - 2 search, filter and add to chart item: Test Cases/1 Positive test case/10 Checking Link Sosial Media - customkeyword dan assert]]></system-out>
      <system-err><![CDATA[]]></system-err>
   </testsuite>
   <testsuite name="3 all checkout" tests="8" failures="0" errors="0" time="368.33" skipped="0" timestamp="11-02-2024T14:48:03" hostname="ACER - LAPTOP-DI70DTOM" id="Test Suites/1 Test Suites/3 all checkout">
      <properties>
         <property name="deviceName" value=""/>
         <property name="devicePlatform" value=""/>
         <property name="logFolder" value="C:\\Users\\ACER\\git\\Final-Project-QA-WEB\\Reports\\20240211_144740\\1 Test Suites\\3 all checkout\\20240211_144745"/>
         <property name="logFiles" value="C:\\Users\\ACER\\git\\Final-Project-QA-WEB\\Reports\\20240211_144740\\1 Test Suites\\3 all checkout\\20240211_144745\\execution0.log"/>
         <property name="attachments" value=""/>
         <property name="hostName" value="ACER - LAPTOP-DI70DTOM"/>
         <property name="os" value="Windows 11 64bit"/>
         <property name="katalonVersion" value="9.3.0.212"/>
         <property name="browser" value="Chrome 121.0.0.0"/>
         <property name="hostAddress" value="192.168.0.151"/>
         <property name="sessionId" value="d23d372e077ec2cca2a129882a5ffa23"/>
         <property name="seleniumVersion" value="3.141.59"/>
         <property name="proxyInformation" value="ProxyInformation { proxyOption=NO_PROXY, proxyServerType=HTTP, username=, password=********, proxyServerAddress=, proxyServerPort=0, executionList=&quot;&quot;, isApplyToDesiredCapabilities=true }"/>
         <property name="platform" value="Windows 11"/>
      </properties>
      <testcase name="Test Cases/1 Positive test case/6 Checkout Basic Item - Safepay Payment (data driven)" time="71.292" classname="Test Cases/1 Positive test case/6 Checkout Basic Item - Safepay Payment (data driven)" status="PASSED">
         <system-out><![CDATA[11-02-2024T14:48:04 - [TEST_CASE][PASSED] - Test Cases/1 Positive test case/6 Checkout Basic Item - Safepay Payment (data driven): Test Cases/1 Positive test case/6 Checkout Basic Item - Safepay Payment (data driven)

11-02-2024T14:48:05 - [TEST_STEP][PASSED] - openBrowser(""): Browser is opened with url: ''

11-02-2024T14:48:06 - [MESSAGE][INFO] - Starting 'Chrome' driver

11-02-2024T14:48:06 - [MESSAGE][INFO] - Action delay is set to 0 milliseconds

11-02-2024T14:48:09 - [MESSAGE][PASSED] - Browser is opened with url: ''

11-02-2024T14:48:09 - [TEST_STEP][PASSED] - navigateToUrl("https://advantageonlineshopping.com/"): Navigate to 'https://advantageonlineshopping.com/' successfully

11-02-2024T14:48:12 - [MESSAGE][PASSED] - Navigate to 'https://advantageonlineshopping.com/' successfully

11-02-2024T14:48:12 - [TEST_STEP][PASSED] - click(findTestObject("Object Repository/fitur checkout 1/a_My account                        My orde_124641")): Object: 'Object Repository/fitur checkout 1/a_My account                        My orde_124641' is clicked on

11-02-2024T14:48:17 - [MESSAGE][PASSED] - Object: 'Object Repository/fitur checkout 1/a_My account                        My orde_124641' is clicked on

11-02-2024T14:48:17 - [TEST_STEP][PASSED] - setText(findTestObject("Object Repository/fitur checkout 1/input_OR_username"), "yudhatesting"): Text 'yudhatesting' is set on object 'Object Repository/fitur checkout 1/input_OR_username'

11-02-2024T14:48:18 - [MESSAGE][PASSED] - Text 'yudhatesting' is set on object 'Object Repository/fitur checkout 1/input_OR_username'

11-02-2024T14:48:18 - [TEST_STEP][PASSED] - click(findTestObject("Object Repository/fitur checkout 1/label_Password")): Object: 'Object Repository/fitur checkout 1/label_Password' is clicked on

11-02-2024T14:48:20 - [MESSAGE][PASSED] - Object: 'Object Repository/fitur checkout 1/label_Password' is clicked on

11-02-2024T14:48:20 - [TEST_STEP][PASSED] - setEncryptedText(findTestObject("Object Repository/fitur checkout 1/input_Username_password"), "VjyC/is+sZNhzZxZ8kSNJw=="): Text ****** has been set on object 'Object Repository/fitur checkout 1/input_Username_password'

11-02-2024T14:48:20 - [MESSAGE][PASSED] - Text ****** has been set on object 'Object Repository/fitur checkout 1/input_Username_password'

11-02-2024T14:48:20 - [TEST_STEP][PASSED] - click(findTestObject("Object Repository/fitur checkout 1/button_SIGN IN")): Object: 'Object Repository/fitur checkout 1/button_SIGN IN' is clicked on

11-02-2024T14:48:21 - [MESSAGE][PASSED] - Object: 'Object Repository/fitur checkout 1/button_SIGN IN' is clicked on

11-02-2024T14:48:21 - [TEST_STEP][PASSED] - click(findTestObject("Object Repository/fitur checkout 1/div_SPEAKERS                        Shop Now")): Object: 'Object Repository/fitur checkout 1/div_SPEAKERS                        Shop Now' is clicked on

11-02-2024T14:48:31 - [MESSAGE][PASSED] - Object: 'Object Repository/fitur checkout 1/div_SPEAKERS                        Shop Now' is clicked on

11-02-2024T14:48:31 - [TEST_STEP][PASSED] - click(findTestObject("Object Repository/fitur checkout 1/img_SHOP NOW_20")): Object: 'Object Repository/fitur checkout 1/img_SHOP NOW_20' is clicked on

11-02-2024T14:48:33 - [MESSAGE][PASSED] - Object: 'Object Repository/fitur checkout 1/img_SHOP NOW_20' is clicked on

11-02-2024T14:48:33 - [TEST_STEP][PASSED] - click(findTestObject("Object Repository/fitur checkout 1/button_ADD TO CART")): Object: 'Object Repository/fitur checkout 1/button_ADD TO CART' is clicked on

11-02-2024T14:48:41 - [MESSAGE][PASSED] - Object: 'Object Repository/fitur checkout 1/button_ADD TO CART' is clicked on

11-02-2024T14:48:41 - [TEST_STEP][PASSED] - click(findTestObject("Object Repository/fitur checkout 1/a_SPEAKERS")): Object: 'Object Repository/fitur checkout 1/a_SPEAKERS' is clicked on

11-02-2024T14:48:44 - [MESSAGE][PASSED] - Object: 'Object Repository/fitur checkout 1/a_SPEAKERS' is clicked on

11-02-2024T14:48:44 - [TEST_STEP][PASSED] - click(findTestObject("Object Repository/fitur checkout 1/img_SHOP NOW_25")): Object: 'Object Repository/fitur checkout 1/img_SHOP NOW_25' is clicked on

11-02-2024T14:48:45 - [MESSAGE][PASSED] - Object: 'Object Repository/fitur checkout 1/img_SHOP NOW_25' is clicked on

11-02-2024T14:48:45 - [TEST_STEP][PASSED] - click(findTestObject("Object Repository/fitur checkout 1/button_ADD TO CART")): Object: 'Object Repository/fitur checkout 1/button_ADD TO CART' is clicked on

11-02-2024T14:48:45 - [MESSAGE][PASSED] - Object: 'Object Repository/fitur checkout 1/button_ADD TO CART' is clicked on

11-02-2024T14:48:45 - [TEST_STEP][PASSED] - click(findTestObject("Object Repository/fitur checkout 1/a_SPEAKERS")): Object: 'Object Repository/fitur checkout 1/a_SPEAKERS' is clicked on

11-02-2024T14:48:48 - [MESSAGE][PASSED] - Object: 'Object Repository/fitur checkout 1/a_SPEAKERS' is clicked on

11-02-2024T14:48:48 - [TEST_STEP][PASSED] - click(findTestObject("Object Repository/fitur checkout 1/a_11")): Object: 'Object Repository/fitur checkout 1/a_11' is clicked on

11-02-2024T14:48:49 - [MESSAGE][PASSED] - Object: 'Object Repository/fitur checkout 1/a_11' is clicked on

11-02-2024T14:48:49 - [TEST_STEP][PASSED] - click(findTestObject("Object Repository/fitur checkout 1/button_CHECKOUT (7,634.90)")): Object: 'Object Repository/fitur checkout 1/button_CHECKOUT (7,634.90)' is clicked on

11-02-2024T14:48:52 - [MESSAGE][PASSED] - Object: 'Object Repository/fitur checkout 1/button_CHECKOUT (7,634.90)' is clicked on

11-02-2024T14:48:52 - [TEST_STEP][PASSED] - click(findTestObject("Object Repository/fitur checkout 1/button_NEXT")): Object: 'Object Repository/fitur checkout 1/button_NEXT' is clicked on

11-02-2024T14:48:58 - [MESSAGE][PASSED] - Object: 'Object Repository/fitur checkout 1/button_NEXT' is clicked on

11-02-2024T14:48:58 - [TEST_STEP][PASSED] - setText(findTestObject("Object Repository/fitur checkout 1/input__safepay_username"), username): Text 'yudhatesting' is set on object 'Object Repository/fitur checkout 1/input__safepay_username'

11-02-2024T14:48:59 - [MESSAGE][PASSED] - Text 'yudhatesting' is set on object 'Object Repository/fitur checkout 1/input__safepay_username'

11-02-2024T14:48:59 - [TEST_STEP][PASSED] - delay(3): Delayed 3 second(s)

11-02-2024T14:49:02 - [MESSAGE][PASSED] - Delayed 3 second(s)

11-02-2024T14:49:02 - [TEST_STEP][PASSED] - setText(findTestObject("Object Repository/fitur checkout 1/input__safepay_password"), password): Text 'Dharmayudha1' is set on object 'Object Repository/fitur checkout 1/input__safepay_password'

11-02-2024T14:49:04 - [MESSAGE][PASSED] - Text 'Dharmayudha1' is set on object 'Object Repository/fitur checkout 1/input__safepay_password'

11-02-2024T14:49:04 - [TEST_STEP][PASSED] - delay(3): Delayed 3 second(s)

11-02-2024T14:49:07 - [MESSAGE][PASSED] - Delayed 3 second(s)

11-02-2024T14:49:07 - [TEST_STEP][PASSED] - click(findTestObject("Object Repository/fitur checkout 1/button_PAY NOW")): Object: 'Object Repository/fitur checkout 1/button_PAY NOW' is clicked on

11-02-2024T14:49:07 - [MESSAGE][PASSED] - Object: 'Object Repository/fitur checkout 1/button_PAY NOW' is clicked on

11-02-2024T14:49:07 - [TEST_STEP][PASSED] - delay(5): Delayed 5 second(s)

11-02-2024T14:49:12 - [MESSAGE][PASSED] - Delayed 5 second(s)

11-02-2024T14:49:12 - [TEST_STEP][PASSED] - closeBrowser(): Browser is closed

11-02-2024T14:49:13 - [MESSAGE][PASSED] - Browser is closed

11-02-2024T14:49:15 - [TEST_STEP][PASSED] - Video: Video recording for test case 'Test Cases/1 Positive test case/6 Checkout Basic Item - Safepay Payment (data driven)' .

11-02-2024T14:49:15 - [MESSAGE][INFO] - Video recording for test case 'Test Cases/1 Positive test case/6 Checkout Basic Item - Safepay Payment (data driven)' .]]></system-out>
         <system-err><![CDATA[]]></system-err>
      </testcase>
[...]

11-02-2024T14:52:31 - [MESSAGE][PASSED] - Object: 'Object Repository/fiutr edit checkout/img_SHOP NOW_9' is clicked on

11-02-2024T14:52:31 - [TEST_STEP][PASSED] - click(findTestObject("Object Repository/fiutr edit checkout/button_ADD TO CART")): Object: 'Object Repository/fiutr edit checkout/button_ADD TO CART' is clicked on

11-02-2024T14:52:34 - [MESSAGE][PASSED] - Object: 'Object Repository/fiutr edit checkout/button_ADD TO CART' is clicked on

11-02-2024T14:52:34 - [TEST_STEP][PASSED] - click(findTestObject("Object Repository/fiutr edit checkout/a_LAPTOPS")): Object: 'Object Repository/fiutr edit checkout/a_LAPTOPS' is clicked on

11-02-2024T14:52:36 - [MESSAGE][PASSED] - Object: 'Object Repository/fiutr edit checkout/a_LAPTOPS' is clicked on

11-02-2024T14:52:36 - [TEST_STEP][PASSED] - click(findTestObject("Object Repository/fiutr edit checkout/img_SHOP NOW_10")): Object: 'Object Repository/fiutr edit checkout/img_SHOP NOW_10' is clicked on

11-02-2024T14:52:36 - [MESSAGE][PASSED] - Object: 'Object Repository/fiutr edit checkout/img_SHOP NOW_10' is clicked on

11-02-2024T14:52:36 - [TEST_STEP][PASSED] - click(findTestObject("Object Repository/fiutr edit checkout/button_ADD TO CART")): Object: 'Object Repository/fiutr edit checkout/button_ADD TO CART' is clicked on

11-02-2024T14:52:37 - [MESSAGE][PASSED] - Object: 'Object Repository/fiutr edit checkout/button_ADD TO CART' is clicked on

11-02-2024T14:52:37 - [TEST_STEP][PASSED] - click(findTestObject("Object Repository/fiutr edit checkout/a_LAPTOPS")): Object: 'Object Repository/fiutr edit checkout/a_LAPTOPS' is clicked on

11-02-2024T14:52:39 - [MESSAGE][PASSED] - Object: 'Object Repository/fiutr edit checkout/a_LAPTOPS' is clicked on

11-02-2024T14:52:39 - [TEST_STEP][PASSED] - click(findTestObject("Object Repository/fiutr edit checkout/a_2")): Object: 'Object Repository/fiutr edit checkout/a_2' is clicked on

11-02-2024T14:52:40 - [MESSAGE][PASSED] - Object: 'Object Repository/fiutr edit checkout/a_2' is clicked on

11-02-2024T14:52:40 - [TEST_STEP][PASSED] - click(findTestObject("Object Repository/fiutr edit checkout/a_EDIT")): Object: 'Object Repository/fiutr edit checkout/a_EDIT' is clicked on

11-02-2024T14:52:42 - [MESSAGE][PASSED] - Object: 'Object Repository/fiutr edit checkout/a_EDIT' is clicked on

11-02-2024T14:52:42 - [TEST_STEP][PASSED] - click(findTestObject("Object Repository/fiutr edit checkout/div_Quantity_plus")): Object: 'Object Repository/fiutr edit checkout/div_Quantity_plus' is clicked on

11-02-2024T14:52:43 - [MESSAGE][PASSED] - Object: 'Object Repository/fiutr edit checkout/div_Quantity_plus' is clicked on

11-02-2024T14:52:43 - [TEST_STEP][PASSED] - click(findTestObject("Object Repository/fiutr edit checkout/button_ADD TO CART")): Object: 'Object Repository/fiutr edit checkout/button_ADD TO CART' is clicked on

11-02-2024T14:52:43 - [MESSAGE][PASSED] - Object: 'Object Repository/fiutr edit checkout/button_ADD TO CART' is clicked on

11-02-2024T14:52:43 - [TEST_STEP][PASSED] - click(findTestObject("Object Repository/fiutr edit checkout/a_EDIT_1")): Object: 'Object Repository/fiutr edit checkout/a_EDIT_1' is clicked on

11-02-2024T14:52:46 - [MESSAGE][PASSED] - Object: 'Object Repository/fiutr edit checkout/a_EDIT_1' is clicked on

11-02-2024T14:52:46 - [TEST_STEP][PASSED] - click(findTestObject("Object Repository/fiutr edit checkout/div_Quantity_plus")): Object: 'Object Repository/fiutr edit checkout/div_Quantity_plus' is clicked on

11-02-2024T14:52:46 - [MESSAGE][PASSED] - Object: 'Object Repository/fiutr edit checkout/div_Quantity_plus' is clicked on

11-02-2024T14:52:46 - [TEST_STEP][PASSED] - click(findTestObject("Object Repository/fiutr edit checkout/button_ADD TO CART")): Object: 'Object Repository/fiutr edit checkout/button_ADD TO CART' is clicked on

11-02-2024T14:52:47 - [MESSAGE][PASSED] - Object: 'Object Repository/fiutr edit checkout/button_ADD TO CART' is clicked on

11-02-2024T14:52:47 - [TEST_STEP][PASSED] - click(findTestObject("Object Repository/fiutr edit checkout/button_CHECKOUT (3,123.96)")): Object: 'Object Repository/fiutr edit checkout/button_CHECKOUT (3,123.96)' is clicked on

11-02-2024T14:52:50 - [MESSAGE][PASSED] - Object: 'Object Repository/fiutr edit checkout/button_CHECKOUT (3,123.96)' is clicked on

11-02-2024T14:52:50 - [TEST_STEP][PASSED] - click(findTestObject("Object Repository/fiutr edit checkout/button_NEXT")): Object: 'Object Repository/fiutr edit checkout/button_NEXT' is clicked on

11-02-2024T14:52:53 - [MESSAGE][PASSED] - Object: 'Object Repository/fiutr edit checkout/button_NEXT' is clicked on

11-02-2024T14:52:53 - [TEST_STEP][PASSED] - click(findTestObject("Object Repository/fiutr edit checkout/button_PAY NOW")): Object: 'Object Repository/fiutr edit checkout/button_PAY NOW' is clicked on

11-02-2024T14:52:54 - [MESSAGE][PASSED] - Object: 'Object Repository/fiutr edit checkout/button_PAY NOW' is clicked on

11-02-2024T14:52:54 - [TEST_STEP][PASSED] - delay(5): Delayed 5 second(s)

11-02-2024T14:52:59 - [MESSAGE][PASSED] - Delayed 5 second(s)

11-02-2024T14:52:59 - [TEST_STEP][PASSED] - closeBrowser(): Browser is closed

11-02-2024T14:52:59 - [MESSAGE][PASSED] - Browser is closed

11-02-2024T14:53:01 - [TEST_STEP][PASSED] - Video: Video recording for test case 'Test Cases/1 Positive test case/12 Edit Data Quantity Checkout' .

11-02-2024T14:53:01 - [MESSAGE][INFO] - Video recording for test case 'Test Cases/1 Positive test case/12 Edit Data Quantity Checkout' .]]></system-out>
         <system-err><![CDATA[]]></system-err>
      </testcase>
      <testcase name="Test Cases/1 Positive test case/11 Edit Data Personal Checkout (data driven)" time="34.13" classname="Test Cases/1 Positive test case/11 Edit Data Personal Checkout (data driven)" status="PASSED">
         <system-out><![CDATA[11-02-2024T14:53:01 - [TEST_CASE][PASSED] - Test Cases/1 Positive test case/11 Edit Data Personal Checkout (data driven): Test Cases/1 Positive test case/11 Edit Data Personal Checkout (data driven)

11-02-2024T14:53:02 - [TEST_STEP][PASSED] - openBrowser(""): Browser is opened with url: ''

11-02-2024T14:53:02 - [MESSAGE][INFO] - Starting 'Chrome' driver

11-02-2024T14:53:02 - [MESSAGE][INFO] - Action delay is set to 0 milliseconds

11-02-2024T14:53:03 - [MESSAGE][PASSED] - Browser is opened with url: ''

11-02-2024T14:53:03 - [TEST_STEP][PASSED] - navigateToUrl("https://advantageonlineshopping.com/"): Navigate to 'https://advantageonlineshopping.com/' successfully

11-02-2024T14:53:06 - [MESSAGE][PASSED] - Navigate to 'https://advantageonlineshopping.com/' successfully

11-02-2024T14:53:06 - [TEST_STEP][PASSED] - click(findTestObject("Object Repository/fitur edit data address/a_My account                        My orde_124641")): Object: 'Object Repository/fitur edit data address/a_My account                        My orde_124641' is clicked on

11-02-2024T14:53:10 - [MESSAGE][PASSED] - Object: 'Object Repository/fitur edit data address/a_My account                        My orde_124641' is clicked on

11-02-2024T14:53:10 - [TEST_STEP][PASSED] - setText(findTestObject("Object Repository/fitur edit data address/input_OR_username"), "yudhatesting"): Text 'yudhatesting' is set on object 'Object Repository/fitur edit data address/input_OR_username'

11-02-2024T14:53:11 - [MESSAGE][PASSED] - Text 'yudhatesting' is set on object 'Object Repository/fitur edit data address/input_OR_username'

11-02-2024T14:53:11 - [TEST_STEP][PASSED] - setEncryptedText(findTestObject("Object Repository/fitur edit data address/input_Username_password"), "VjyC/is+sZNhzZxZ8kSNJw=="): Text ****** has been set on object 'Object Repository/fitur edit data address/input_Username_password'

11-02-2024T14:53:12 - [MESSAGE][PASSED] - Text ****** has been set on object 'Object Repository/fitur edit data address/input_Username_password'

11-02-2024T14:53:12 - [TEST_STEP][PASSED] - click(findTestObject("Object Repository/fitur edit data address/button_SIGN IN")): Object: 'Object Repository/fitur edit data address/button_SIGN IN' is clicked on

11-02-2024T14:53:13 - [MESSAGE][PASSED] - Object: 'Object Repository/fitur edit data address/button_SIGN IN' is clicked on

11-02-2024T14:53:13 - [TEST_STEP][PASSED] - click(findTestObject("Object Repository/fitur edit data address/button_SEE OFFER")): Object: 'Object Repository/fitur edit data address/button_SEE OFFER' is clicked on

11-02-2024T14:53:14 - [MESSAGE][PASSED] - Object: 'Object Repository/fitur edit data address/button_SEE OFFER' is clicked on

11-02-2024T14:53:14 - [TEST_STEP][PASSED] - click(findTestObject("Object Repository/fitur edit data address/button_ADD TO CART")): Object: 'Object Repository/fitur edit data address/button_ADD TO CART' is clicked on

11-02-2024T14:53:18 - [MESSAGE][PASSED] - Object: 'Object Repository/fitur edit data address/button_ADD TO CART' is clicked on

11-02-2024T14:53:18 - [TEST_STEP][PASSED] - click(findTestObject("Object Repository/fitur edit data address/a_6")): Object: 'Object Repository/fitur edit data address/a_6' is clicked on

11-02-2024T14:53:20 - [MESSAGE][PASSED] - Object: 'Object Repository/fitur edit data address/a_6' is clicked on

11-02-2024T14:53:20 - [TEST_STEP][PASSED] - click(findTestObject("Object Repository/fitur edit data address/button_CHECKOUT (5,494.99)")): Object: 'Object Repository/fitur edit data address/button_CHECKOUT (5,494.99)' is clicked on

11-02-2024T14:53:21 - [MESSAGE][PASSED] - Object: 'Object Repository/fitur edit data address/button_CHECKOUT (5,494.99)' is clicked on

11-02-2024T14:53:21 - [TEST_STEP][PASSED] - click(findTestObject("Object Repository/fitur edit data address/a_Edit shipping details")): Object: 'Object Repository/fitur edit data address/a_Edit shipping details' is clicked on

11-02-2024T14:53:25 - [MESSAGE][PASSED] - Object: 'Object Repository/fitur edit data address/a_Edit shipping details' is clicked on

11-02-2024T14:53:25 - [TEST_STEP][PASSED] - setText(findTestObject("Object Repository/fitur edit data address/input_- Use maximum 25 character_address"), address): Text 'Jalan Medan Merdeka No 5 Jakarta' is set on object 'Object Repository/fitur edit data address/input_- Use maximum 25 character_address'

11-02-2024T14:53:26 - [MESSAGE][PASSED] - Text 'Jalan Medan Merdeka No 5 Jakarta' is set on object 'Object Repository/fitur edit data address/input_- Use maximum 25 character_address'

11-02-2024T14:53:26 - [TEST_STEP][PASSED] - click(findTestObject("Object Repository/fitur edit data address/label_State  Province  Region")): Object: 'Object Repository/fitur edit data address/label_State  Province  Region' is clicked on

11-02-2024T14:53:26 - [MESSAGE][PASSED] - Object: 'Object Repository/fitur edit data address/label_State  Province  Region' is clicked on

11-02-2024T14:53:26 - [TEST_STEP][PASSED] - setText(findTestObject("Object Repository/fitur edit data address/input_- Use maximum 10 character_state__pro_f620c3"), region): Text 'Jakarta' is set on object 'Object Repository/fitur edit data address/input_- Use maximum 10 character_state__pro_f620c3'

11-02-2024T14:53:28 - [MESSAGE][PASSED] - Text 'Jakarta' is set on object 'Object Repository/fitur edit data address/input_- Use maximum 10 character_state__pro_f620c3'

11-02-2024T14:53:28 - [TEST_STEP][PASSED] - delay(3): Delayed 3 second(s)

11-02-2024T14:53:31 - [MESSAGE][PASSED] - Delayed 3 second(s)

11-02-2024T14:53:31 - [TEST_STEP][PASSED] - click(findTestObject("Object Repository/fitur edit data address/button_NEXT")): Object: 'Object Repository/fitur edit data address/button_NEXT' is clicked on

11-02-2024T14:53:31 - [MESSAGE][PASSED] - Object: 'Object Repository/fitur edit data address/button_NEXT' is clicked on

11-02-2024T14:53:31 - [TEST_STEP][PASSED] - click(findTestObject("Object Repository/fitur edit data address/button_PAY NOW")): Object: 'Object Repository/fitur edit data address/button_PAY NOW' is clicked on

11-02-2024T14:53:33 - [MESSAGE][PASSED] - Object: 'Object Repository/fitur edit data address/button_PAY NOW' is clicked on

11-02-2024T14:53:33 - [TEST_STEP][PASSED] - closeBrowser(): Browser is closed

11-02-2024T14:53:34 - [MESSAGE][PASSED] - Browser is closed

11-02-2024T14:53:36 - [TEST_STEP][PASSED] - Video: Video recording for test case 'Test Cases/1 Positive test case/11 Edit Data Personal Checkout (data driven)' .

11-02-2024T14:53:36 - [MESSAGE][INFO] - Video recording for test case 'Test Cases/1 Positive test case/11 Edit Data Personal Checkout (data driven)' .]]></system-out>
         <system-err><![CDATA[]]></system-err>
      </testcase>
      <testcase name="Test Cases/1 Positive test case/11 Edit Data Personal Checkout (data driven)" time="35.74" classname="Test Cases/1 Positive test case/11 Edit Data Personal Checkout (data driven)" status="PASSED">
         <system-out><![CDATA[11-02-2024T14:53:36 - [TEST_CASE][PASSED] - Test Cases/1 Positive test case/11 Edit Data Personal Checkout (data driven): Test Cases/1 Positive test case/11 Edit Data Personal Checkout (data driven)

11-02-2024T14:53:36 - [TEST_STEP][PASSED] - openBrowser(""): Browser is opened with url: ''

11-02-2024T14:53:36 - [MESSAGE][INFO] - Starting 'Chrome' driver

11-02-2024T14:53:36 - [MESSAGE][INFO] - Action delay is set to 0 milliseconds

11-02-2024T14:53:36 - [MESSAGE][PASSED] - Browser is opened with url: ''

11-02-2024T14:53:36 - [TEST_STEP][PASSED] - navigateToUrl("https://advantageonlineshopping.com/"): Navigate to 'https://advantageonlineshopping.com/' successfully

11-02-2024T14:53:39 - [MESSAGE][PASSED] - Navigate to 'https://advantageonlineshopping.com/' successfully

11-02-2024T14:53:39 - [TEST_STEP][PASSED] - click(findTestObject("Object Repository/fitur edit data address/a_My account                        My orde_124641")): Object: 'Object Repository/fitur edit data address/a_My account                        My orde_124641' is clicked on

11-02-2024T14:53:43 - [MESSAGE][PASSED] - Object: 'Object Repository/fitur edit data address/a_My account                        My orde_124641' is clicked on

11-02-2024T14:53:43 - [TEST_STEP][PASSED] - setText(findTestObject("Object Repository/fitur edit data address/input_OR_username"), "yudhatesting"): Text 'yudhatesting' is set on object 'Object Repository/fitur edit data address/input_OR_username'

11-02-2024T14:53:44 - [MESSAGE][PASSED] - Text 'yudhatesting' is set on object 'Object Repository/fitur edit data address/input_OR_username'

11-02-2024T14:53:44 - [TEST_STEP][PASSED] - setEncryptedText(findTestObject("Object Repository/fitur edit data address/input_Username_password"), "VjyC/is+sZNhzZxZ8kSNJw=="): Text ****** has been set on object 'Object Repository/fitur edit data address/input_Username_password'

11-02-2024T14:53:45 - [MESSAGE][PASSED] - Text ****** has been set on object 'Object Repository/fitur edit data address/input_Username_password'

11-02-2024T14:53:45 - [TEST_STEP][PASSED] - click(findTestObject("Object Repository/fitur edit data address/button_SIGN IN")): Object: 'Object Repository/fitur edit data address/button_SIGN IN' is clicked on

11-02-2024T14:53:46 - [MESSAGE][PASSED] - Object: 'Object Repository/fitur edit data address/button_SIGN IN' is clicked on

11-02-2024T14:53:46 - [TEST_STEP][PASSED] - click(findTestObject("Object Repository/fitur edit data address/button_SEE OFFER")): Object: 'Object Repository/fitur edit data address/button_SEE OFFER' is clicked on

11-02-2024T14:53:51 - [MESSAGE][PASSED] - Object: 'Object Repository/fitur edit data address/button_SEE OFFER' is clicked on

11-02-2024T14:53:51 - [TEST_STEP][PASSED] - click(findTestObject("Object Repository/fitur edit data address/button_ADD TO CART")): Object: 'Object Repository/fitur edit data address/button_ADD TO CART' is clicked on

11-02-2024T14:53:54 - [MESSAGE][PASSED] - Object: 'Object Repository/fitur edit data address/button_ADD TO CART' is clicked on

11-02-2024T14:53:54 - [TEST_STEP][PASSED] - click(findTestObject("Object Repository/fitur edit data address/a_6")): Object: 'Object Repository/fitur edit data address/a_6' is clicked on

11-02-2024T14:53:56 - [MESSAGE][PASSED] - Object: 'Object Repository/fitur edit data address/a_6' is clicked on

11-02-2024T14:53:56 - [TEST_STEP][PASSED] - click(findTestObject("Object Repository/fitur edit data address/button_CHECKOUT (5,494.99)")): Object: 'Object Repository/fitur edit data address/button_CHECKOUT (5,494.99)' is clicked on

11-02-2024T14:53:57 - [MESSAGE][PASSED] - Object: 'Object Repository/fitur edit data address/button_CHECKOUT (5,494.99)' is clicked on

11-02-2024T14:53:57 - [TEST_STEP][PASSED] - click(findTestObject("Object Repository/fitur edit data address/a_Edit shipping details")): Object: 'Object Repository/fitur edit data address/a_Edit shipping details' is clicked on

11-02-2024T14:54:00 - [MESSAGE][PASSED] - Object: 'Object Repository/fitur edit data address/a_Edit shipping details' is clicked on

11-02-2024T14:54:00 - [TEST_STEP][PASSED] - setText(findTestObject("Object Repository/fitur edit data address/input_- Use maximum 25 character_address"), address): Text 'Oma Regency Mampang Jakarta' is set on object 'Object Repository/fitur edit data address/input_- Use maximum 25 character_address'

11-02-2024T14:54:01 - [MESSAGE][PASSED] - Text 'Oma Regency Mampang Jakarta' is set on object 'Object Repository/fitur edit data address/input_- Use maximum 25 character_address'

11-02-2024T14:54:01 - [TEST_STEP][PASSED] - click(findTestObject("Object Repository/fitur edit data address/label_State  Province  Region")): Object: 'Object Repository/fitur edit data address/label_State  Province  Region' is clicked on

11-02-2024T14:54:02 - [MESSAGE][PASSED] - Object: 'Object Repository/fitur edit data address/label_State  Province  Region' is clicked on

11-02-2024T14:54:02 - [TEST_STEP][PASSED] - setText(findTestObject("Object Repository/fitur edit data address/input_- Use maximum 10 character_state__pro_f620c3"), region): Text 'Jakarta' is set on object 'Object Repository/fitur edit data address/input_- Use maximum 10 character_state__pro_f620c3'

11-02-2024T14:54:03 - [MESSAGE][PASSED] - Text 'Jakarta' is set on object 'Object Repository/fitur edit data address/input_- Use maximum 10 character_state__pro_f620c3'

11-02-2024T14:54:03 - [TEST_STEP][PASSED] - delay(3): Delayed 3 second(s)

11-02-2024T14:54:06 - [MESSAGE][PASSED] - Delayed 3 second(s)

11-02-2024T14:54:06 - [TEST_STEP][PASSED] - click(findTestObject("Object Repository/fitur edit data address/button_NEXT")): Object: 'Object Repository/fitur edit data address/button_NEXT' is clicked on

11-02-2024T14:54:07 - [MESSAGE][PASSED] - Object: 'Object Repository/fitur edit data address/button_NEXT' is clicked on

11-02-2024T14:54:07 - [TEST_STEP][PASSED] - click(findTestObject("Object Repository/fitur edit data address/button_PAY NOW")): Object: 'Object Repository/fitur edit data address/button_PAY NOW' is clicked on

11-02-2024T14:54:09 - [MESSAGE][PASSED] - Object: 'Object Repository/fitur edit data address/button_PAY NOW' is clicked on

11-02-2024T14:54:09 - [TEST_STEP][PASSED] - closeBrowser(): Browser is closed

11-02-2024T14:54:09 - [MESSAGE][PASSED] - Browser is closed

11-02-2024T14:54:11 - [TEST_STEP][PASSED] - Video: Video recording for test case 'Test Cases/1 Positive test case/11 Edit Data Personal Checkout (data driven)' .

11-02-2024T14:54:11 - [MESSAGE][INFO] - Video recording for test case 'Test Cases/1 Positive test case/11 Edit Data Personal Checkout (data driven)' .]]></system-out>
         <system-err><![CDATA[]]></system-err>
      </testcase>
      <system-out><![CDATA[11-02-2024T14:48:03 - [TEST_SUITE][PASSED] - 3 all checkout: Test Cases/1 Positive test case/11 Edit Data Personal Checkout (data driven)]]></system-out>
      <system-err><![CDATA[]]></system-err>
   </testsuite>
</testsuites>
